
Lmod is automatically replacing "PrgEnv-amd/8.4.0" with "cpeAMD/23.09".


Lmod is automatically replacing "PrgEnv-amd/8.4.0" with "cpeAMD/23.09".


Inactive Modules:
  1) PrgEnv-amd

Start date and time: Mon Mar 18 10:38:24 2024
Start date and time: Mon Mar 18 10:38:24 2024
Start date and time: Mon Mar 18 10:38:24 2024
Start date and time: Mon Mar 18 10:38:24 2024
Start date and time: Mon Mar 18 10:38:24 2024
Start date and time: Mon Mar 18 10:38:24 2024
Start date and time: Mon Mar 18 10:38:24 2024
Start date and time: Mon Mar 18 10:38:24 2024
Start date and time: Mon Mar 18 10:38:26 2024
Start date and time: Mon Mar 18 10:38:26 2024
Start date and time: Mon Mar 18 10:38:26 2024
Start date and time: Mon Mar 18 10:38:26 2024
Start date and time: Mon Mar 18 10:38:26 2024
Start date and time: Mon Mar 18 10:38:26 2024
Start date and time: Mon Mar 18 10:38:26 2024
Start date and time: Mon Mar 18 10:38:26 2024
Start date and time: Mon Mar 18 10:38:26 2024
Start date and time: Mon Mar 18 10:38:26 2024
Start date and time: Mon Mar 18 10:38:26 2024
Start date and time: Mon Mar 18 10:38:26 2024
Start date and time: Mon Mar 18 10:38:26 2024
Start date and time: Mon Mar 18 10:38:26 2024
Start date and time: Mon Mar 18 10:38:26 2024
Start date and time: Mon Mar 18 10:38:26 2024
Start date and time: Mon Mar 18 10:38:26 2024
Start date and time: Mon Mar 18 10:38:26 2024
Start date and time: Mon Mar 18 10:38:26 2024
Start date and time: Mon Mar 18 10:38:26 2024
Start date and time: Mon Mar 18 10:38:26 2024
Start date and time: Mon Mar 18 10:38:26 2024
Start date and time: Mon Mar 18 10:38:26 2024
Start date and time: Mon Mar 18 10:38:26 2024
Start date and time: Mon Mar 18 10:38:26 2024
Start date and time: Mon Mar 18 10:38:26 2024
Start date and time: Mon Mar 18 10:38:26 2024
Start date and time: Mon Mar 18 10:38:26 2024
Start date and time: Mon Mar 18 10:38:26 2024
Start date and time: Mon Mar 18 10:38:26 2024
Start date and time: Mon Mar 18 10:38:26 2024
Start date and time: Mon Mar 18 10:38:26 2024
Start date and time: Mon Mar 18 10:38:26 2024
Start date and time: Mon Mar 18 10:38:26 2024
Start date and time: Mon Mar 18 10:38:26 2024
Start date and time: Mon Mar 18 10:38:26 2024
Start date and time: Mon Mar 18 10:38:26 2024
Start date and time: Mon Mar 18 10:38:26 2024
Start date and time: Mon Mar 18 10:38:26 2024
Start date and time: Mon Mar 18 10:38:26 2024
Start date and time: Mon Mar 18 10:38:26 2024
Start date and time: Mon Mar 18 10:38:26 2024
Start date and time: Mon Mar 18 10:38:26 2024
Start date and time: Mon Mar 18 10:38:26 2024
Start date and time: Mon Mar 18 10:38:26 2024
Start date and time: Mon Mar 18 10:38:26 2024
Start date and time: Mon Mar 18 10:38:26 2024
Start date and time: Mon Mar 18 10:38:26 2024
Start date and time: Mon Mar 18 10:38:26 2024
Start date and time: Mon Mar 18 10:38:26 2024
Start date and time: Mon Mar 18 10:38:26 2024
Start date and time: Mon Mar 18 10:38:26 2024
Start date and time: Mon Mar 18 10:38:26 2024
Start date and time: Mon Mar 18 10:38:26 2024
Start date and time: Mon Mar 18 10:38:26 2024
Start date and time: Mon Mar 18 10:38:26 2024
Start date and time: Mon Mar 18 10:38:26 2024
Start date and time: Mon Mar 18 10:38:26 2024
Start date and time: Mon Mar 18 10:38:26 2024
Start date and time: Mon Mar 18 10:38:26 2024
Start date and time: Mon Mar 18 10:38:26 2024
Start date and time: Mon Mar 18 10:38:26 2024
Start date and time: Mon Mar 18 10:38:26 2024
Start date and time: Mon Mar 18 10:38:26 2024
Start date and time: Mon Mar 18 10:38:26 2024
Start date and time: Mon Mar 18 10:38:26 2024
Start date and time: Mon Mar 18 10:38:26 2024
Start date and time: Mon Mar 18 10:38:26 2024
Start date and time: Mon Mar 18 10:38:26 2024
Start date and time: Mon Mar 18 10:38:26 2024
Start date and time: Mon Mar 18 10:38:26 2024
Start date and time: Mon Mar 18 10:38:26 2024
Start date and time: Mon Mar 18 10:38:26 2024
Start date and time: Mon Mar 18 10:38:26 2024
Start date and time: Mon Mar 18 10:38:26 2024
Start date and time: Mon Mar 18 10:38:26 2024
Start date and time: Mon Mar 18 10:38:26 2024
Start date and time: Mon Mar 18 10:38:26 2024
Start date and time: Mon Mar 18 10:38:26 2024
Start date and time: Mon Mar 18 10:38:26 2024
Start date and time: Mon Mar 18 10:38:26 2024
Start date and time: Mon Mar 18 10:38:26 2024
Start date and time: Mon Mar 18 10:38:26 2024
Start date and time: Mon Mar 18 10:38:26 2024
Start date and time: Mon Mar 18 10:38:26 2024
Start date and time: Mon Mar 18 10:38:26 2024
Start date and time: Mon Mar 18 10:38:26 2024
Start date and time: Mon Mar 18 10:38:26 2024
Start date and time: Mon Mar 18 10:38:26 2024
Start date and time: Mon Mar 18 10:38:26 2024
Start date and time: Mon Mar 18 10:38:26 2024
Start date and time: Mon Mar 18 10:38:26 2024
Start date and time: Mon Mar 18 10:38:26 2024
Start date and time: Mon Mar 18 10:38:26 2024
Start date and time: Mon Mar 18 10:38:26 2024
Start date and time: Mon Mar 18 10:38:26 2024
Start date and time: Mon Mar 18 10:38:26 2024
Start date and time: Mon Mar 18 10:38:26 2024
Start date and time: Mon Mar 18 10:38:26 2024
Start date and time: Mon Mar 18 10:38:26 2024
Start date and time: Mon Mar 18 10:38:26 2024
Start date and time: Mon Mar 18 10:38:26 2024
Start date and time: Mon Mar 18 10:38:26 2024
Start date and time: Mon Mar 18 10:38:26 2024
Start date and time: Mon Mar 18 10:38:27 2024
Start date and time: Mon Mar 18 10:38:27 2024
Start date and time: Mon Mar 18 10:38:27 2024
Start date and time: Mon Mar 18 10:38:27 2024
Start date and time: Mon Mar 18 10:38:27 2024
Start date and time: Mon Mar 18 10:38:27 2024
Start date and time: Mon Mar 18 10:38:27 2024
Start date and time: Mon Mar 18 10:38:27 2024
Start date and time: Mon Mar 18 10:38:28 2024
Start date and time: Mon Mar 18 10:38:28 2024
Start date and time: Mon Mar 18 10:38:28 2024
Start date and time: Mon Mar 18 10:38:28 2024
Start date and time: Mon Mar 18 10:38:28 2024
Start date and time: Mon Mar 18 10:38:28 2024
Start date and time: Mon Mar 18 10:38:28 2024
Start date and time: Mon Mar 18 10:38:28 2024
Started main at : Mon Mar 18 10:38:56 2024
/LUMI_TYKKY_lpQ1Wtj/miniconda/envs/env1/lib/python3.12/site-packages/cupyx/jit/_interface.py:173: FutureWarning: cupyx.jit.rawkernel is experimental. The interface can change in the future.
  cupy._util.experimental('cupyx.jit.rawkernel')
/LUMI_TYKKY_lpQ1Wtj/miniconda/envs/env1/lib/python3.12/site-packages/cupyx/jit/_interface.py:173: FutureWarning: cupyx.jit.rawkernel is experimental. The interface can change in the future.
  cupy._util.experimental('cupyx.jit.rawkernel')
/LUMI_TYKKY_lpQ1Wtj/miniconda/envs/env1/lib/python3.12/site-packages/cupyx/jit/_interface.py:173: FutureWarning: cupyx.jit.rawkernel is experimental. The interface can change in the future.
  cupy._util.experimental('cupyx.jit.rawkernel')
/LUMI_TYKKY_lpQ1Wtj/miniconda/envs/env1/lib/python3.12/site-packages/cupyx/jit/_interface.py:173: FutureWarning: cupyx.jit.rawkernel is experimental. The interface can change in the future.
  cupy._util.experimental('cupyx.jit.rawkernel')
/LUMI_TYKKY_lpQ1Wtj/miniconda/envs/env1/lib/python3.12/site-packages/cupyx/jit/_interface.py:173: FutureWarning: cupyx.jit.rawkernel is experimental. The interface can change in the future.
  cupy._util.experimental('cupyx.jit.rawkernel')
/LUMI_TYKKY_lpQ1Wtj/miniconda/envs/env1/lib/python3.12/site-packages/cupyx/jit/_interface.py:173: FutureWarning: cupyx.jit.rawkernel is experimental. The interface can change in the future.
  cupy._util.experimental('cupyx.jit.rawkernel')
/LUMI_TYKKY_lpQ1Wtj/miniconda/envs/env1/lib/python3.12/site-packages/cupyx/jit/_interface.py:173: FutureWarning: cupyx.jit.rawkernel is experimental. The interface can change in the future.
  cupy._util.experimental('cupyx.jit.rawkernel')
/LUMI_TYKKY_lpQ1Wtj/miniconda/envs/env1/lib/python3.12/site-packages/cupyx/jit/_interface.py:173: FutureWarning: cupyx.jit.rawkernel is experimental. The interface can change in the future.
  cupy._util.experimental('cupyx.jit.rawkernel')
/LUMI_TYKKY_lpQ1Wtj/miniconda/envs/env1/lib/python3.12/site-packages/cupyx/jit/_interface.py:173: FutureWarning: cupyx.jit.rawkernel is experimental. The interface can change in the future.
  cupy._util.experimental('cupyx.jit.rawkernel')
/LUMI_TYKKY_lpQ1Wtj/miniconda/envs/env1/lib/python3.12/site-packages/cupyx/jit/_interface.py:173: FutureWarning: cupyx.jit.rawkernel is experimental. The interface can change in the future.
  cupy._util.experimental('cupyx.jit.rawkernel')
/LUMI_TYKKY_lpQ1Wtj/miniconda/envs/env1/lib/python3.12/site-packages/cupyx/jit/_interface.py:173: FutureWarning: cupyx.jit.rawkernel is experimental. The interface can change in the future.
  cupy._util.experimental('cupyx.jit.rawkernel')
/LUMI_TYKKY_lpQ1Wtj/miniconda/envs/env1/lib/python3.12/site-packages/cupyx/jit/_interface.py:173: FutureWarning: cupyx.jit.rawkernel is experimental. The interface can change in the future.
  cupy._util.experimental('cupyx.jit.rawkernel')
/LUMI_TYKKY_lpQ1Wtj/miniconda/envs/env1/lib/python3.12/site-packages/cupyx/jit/_interface.py:173: FutureWarning: cupyx.jit.rawkernel is experimental. The interface can change in the future.
  cupy._util.experimental('cupyx.jit.rawkernel')
/LUMI_TYKKY_lpQ1Wtj/miniconda/envs/env1/lib/python3.12/site-packages/cupyx/jit/_interface.py:173: FutureWarning: cupyx.jit.rawkernel is experimental. The interface can change in the future.
  cupy._util.experimental('cupyx.jit.rawkernel')
/LUMI_TYKKY_lpQ1Wtj/miniconda/envs/env1/lib/python3.12/site-packages/cupyx/jit/_interface.py:173: FutureWarning: cupyx.jit.rawkernel is experimental. The interface can change in the future.
  cupy._util.experimental('cupyx.jit.rawkernel')
/LUMI_TYKKY_lpQ1Wtj/miniconda/envs/env1/lib/python3.12/site-packages/cupyx/jit/_interface.py:173: FutureWarning: cupyx.jit.rawkernel is experimental. The interface can change in the future.
  cupy._util.experimental('cupyx.jit.rawkernel')
/LUMI_TYKKY_lpQ1Wtj/miniconda/envs/env1/lib/python3.12/site-packages/cupyx/jit/_interface.py:173: FutureWarning: cupyx.jit.rawkernel is experimental. The interface can change in the future.
  cupy._util.experimental('cupyx.jit.rawkernel')
/LUMI_TYKKY_lpQ1Wtj/miniconda/envs/env1/lib/python3.12/site-packages/cupyx/jit/_interface.py:173: FutureWarning: cupyx.jit.rawkernel is experimental. The interface can change in the future.
  cupy._util.experimental('cupyx.jit.rawkernel')
/LUMI_TYKKY_lpQ1Wtj/miniconda/envs/env1/lib/python3.12/site-packages/cupyx/jit/_interface.py:173: FutureWarning: cupyx.jit.rawkernel is experimental. The interface can change in the future.
  cupy._util.experimental('cupyx.jit.rawkernel')
/LUMI_TYKKY_lpQ1Wtj/miniconda/envs/env1/lib/python3.12/site-packages/cupyx/jit/_interface.py:173: FutureWarning: cupyx.jit.rawkernel is experimental. The interface can change in the future.
  cupy._util.experimental('cupyx.jit.rawkernel')
/LUMI_TYKKY_lpQ1Wtj/miniconda/envs/env1/lib/python3.12/site-packages/cupyx/jit/_interface.py:173: FutureWarning: cupyx.jit.rawkernel is experimental. The interface can change in the future.
  cupy._util.experimental('cupyx.jit.rawkernel')
/LUMI_TYKKY_lpQ1Wtj/miniconda/envs/env1/lib/python3.12/site-packages/cupyx/jit/_interface.py:173: FutureWarning: cupyx.jit.rawkernel is experimental. The interface can change in the future.
  cupy._util.experimental('cupyx.jit.rawkernel')
/LUMI_TYKKY_lpQ1Wtj/miniconda/envs/env1/lib/python3.12/site-packages/cupyx/jit/_interface.py:173: FutureWarning: cupyx.jit.rawkernel is experimental. The interface can change in the future.
  cupy._util.experimental('cupyx.jit.rawkernel')
/LUMI_TYKKY_lpQ1Wtj/miniconda/envs/env1/lib/python3.12/site-packages/cupyx/jit/_interface.py:173: FutureWarning: cupyx.jit.rawkernel is experimental. The interface can change in the future.
  cupy._util.experimental('cupyx.jit.rawkernel')
/LUMI_TYKKY_lpQ1Wtj/miniconda/envs/env1/lib/python3.12/site-packages/cupyx/jit/_interface.py:173: FutureWarning: cupyx.jit.rawkernel is experimental. The interface can change in the future.
  cupy._util.experimental('cupyx.jit.rawkernel')
/LUMI_TYKKY_lpQ1Wtj/miniconda/envs/env1/lib/python3.12/site-packages/cupyx/jit/_interface.py:173: FutureWarning: cupyx.jit.rawkernel is experimental. The interface can change in the future.
  cupy._util.experimental('cupyx.jit.rawkernel')
/LUMI_TYKKY_lpQ1Wtj/miniconda/envs/env1/lib/python3.12/site-packages/cupyx/jit/_interface.py:173: FutureWarning: cupyx.jit.rawkernel is experimental. The interface can change in the future.
  cupy._util.experimental('cupyx.jit.rawkernel')
/LUMI_TYKKY_lpQ1Wtj/miniconda/envs/env1/lib/python3.12/site-packages/cupyx/jit/_interface.py:173: FutureWarning: cupyx.jit.rawkernel is experimental. The interface can change in the future.
  cupy._util.experimental('cupyx.jit.rawkernel')
/LUMI_TYKKY_lpQ1Wtj/miniconda/envs/env1/lib/python3.12/site-packages/cupyx/jit/_interface.py:173: FutureWarning: cupyx.jit.rawkernel is experimental. The interface can change in the future.
  cupy._util.experimental('cupyx.jit.rawkernel')
/LUMI_TYKKY_lpQ1Wtj/miniconda/envs/env1/lib/python3.12/site-packages/cupyx/jit/_interface.py:173: FutureWarning: cupyx.jit.rawkernel is experimental. The interface can change in the future.
  cupy._util.experimental('cupyx.jit.rawkernel')
/LUMI_TYKKY_lpQ1Wtj/miniconda/envs/env1/lib/python3.12/site-packages/cupyx/jit/_interface.py:173: FutureWarning: cupyx.jit.rawkernel is experimental. The interface can change in the future.
  cupy._util.experimental('cupyx.jit.rawkernel')
/LUMI_TYKKY_lpQ1Wtj/miniconda/envs/env1/lib/python3.12/site-packages/cupyx/jit/_interface.py:173: FutureWarning: cupyx.jit.rawkernel is experimental. The interface can change in the future.
  cupy._util.experimental('cupyx.jit.rawkernel')
/LUMI_TYKKY_lpQ1Wtj/miniconda/envs/env1/lib/python3.12/site-packages/cupyx/jit/_interface.py:173: FutureWarning: cupyx.jit.rawkernel is experimental. The interface can change in the future.
  cupy._util.experimental('cupyx.jit.rawkernel')
/LUMI_TYKKY_lpQ1Wtj/miniconda/envs/env1/lib/python3.12/site-packages/cupyx/jit/_interface.py:173: FutureWarning: cupyx.jit.rawkernel is experimental. The interface can change in the future.
  cupy._util.experimental('cupyx.jit.rawkernel')
/LUMI_TYKKY_lpQ1Wtj/miniconda/envs/env1/lib/python3.12/site-packages/cupyx/jit/_interface.py:173: FutureWarning: cupyx.jit.rawkernel is experimental. The interface can change in the future.
  cupy._util.experimental('cupyx.jit.rawkernel')
/LUMI_TYKKY_lpQ1Wtj/miniconda/envs/env1/lib/python3.12/site-packages/cupyx/jit/_interface.py:173: FutureWarning: cupyx.jit.rawkernel is experimental. The interface can change in the future.
  cupy._util.experimental('cupyx.jit.rawkernel')
/LUMI_TYKKY_lpQ1Wtj/miniconda/envs/env1/lib/python3.12/site-packages/cupyx/jit/_interface.py:173: FutureWarning: cupyx.jit.rawkernel is experimental. The interface can change in the future.
  cupy._util.experimental('cupyx.jit.rawkernel')
/LUMI_TYKKY_lpQ1Wtj/miniconda/envs/env1/lib/python3.12/site-packages/cupyx/jit/_interface.py:173: FutureWarning: cupyx.jit.rawkernel is experimental. The interface can change in the future.
  cupy._util.experimental('cupyx.jit.rawkernel')
/LUMI_TYKKY_lpQ1Wtj/miniconda/envs/env1/lib/python3.12/site-packages/cupyx/jit/_interface.py:173: FutureWarning: cupyx.jit.rawkernel is experimental. The interface can change in the future.
  cupy._util.experimental('cupyx.jit.rawkernel')
/LUMI_TYKKY_lpQ1Wtj/miniconda/envs/env1/lib/python3.12/site-packages/cupyx/jit/_interface.py:173: FutureWarning: cupyx.jit.rawkernel is experimental. The interface can change in the future.
  cupy._util.experimental('cupyx.jit.rawkernel')
/LUMI_TYKKY_lpQ1Wtj/miniconda/envs/env1/lib/python3.12/site-packages/cupyx/jit/_interface.py:173: FutureWarning: cupyx.jit.rawkernel is experimental. The interface can change in the future.
  cupy._util.experimental('cupyx.jit.rawkernel')
/LUMI_TYKKY_lpQ1Wtj/miniconda/envs/env1/lib/python3.12/site-packages/cupyx/jit/_interface.py:173: FutureWarning: cupyx.jit.rawkernel is experimental. The interface can change in the future.
  cupy._util.experimental('cupyx.jit.rawkernel')
/LUMI_TYKKY_lpQ1Wtj/miniconda/envs/env1/lib/python3.12/site-packages/cupyx/jit/_interface.py:173: FutureWarning: cupyx.jit.rawkernel is experimental. The interface can change in the future.
  cupy._util.experimental('cupyx.jit.rawkernel')
/LUMI_TYKKY_lpQ1Wtj/miniconda/envs/env1/lib/python3.12/site-packages/cupyx/jit/_interface.py:173: FutureWarning: cupyx.jit.rawkernel is experimental. The interface can change in the future.
  cupy._util.experimental('cupyx.jit.rawkernel')
/LUMI_TYKKY_lpQ1Wtj/miniconda/envs/env1/lib/python3.12/site-packages/cupyx/jit/_interface.py:173: FutureWarning: cupyx.jit.rawkernel is experimental. The interface can change in the future.
  cupy._util.experimental('cupyx.jit.rawkernel')
/LUMI_TYKKY_lpQ1Wtj/miniconda/envs/env1/lib/python3.12/site-packages/cupyx/jit/_interface.py:173: FutureWarning: cupyx.jit.rawkernel is experimental. The interface can change in the future.
  cupy._util.experimental('cupyx.jit.rawkernel')
/LUMI_TYKKY_lpQ1Wtj/miniconda/envs/env1/lib/python3.12/site-packages/cupyx/jit/_interface.py:173: FutureWarning: cupyx.jit.rawkernel is experimental. The interface can change in the future.
  cupy._util.experimental('cupyx.jit.rawkernel')
/LUMI_TYKKY_lpQ1Wtj/miniconda/envs/env1/lib/python3.12/site-packages/cupyx/jit/_interface.py:173: FutureWarning: cupyx.jit.rawkernel is experimental. The interface can change in the future.
  cupy._util.experimental('cupyx.jit.rawkernel')
/LUMI_TYKKY_lpQ1Wtj/miniconda/envs/env1/lib/python3.12/site-packages/cupyx/jit/_interface.py:173: FutureWarning: cupyx.jit.rawkernel is experimental. The interface can change in the future.
  cupy._util.experimental('cupyx.jit.rawkernel')
/LUMI_TYKKY_lpQ1Wtj/miniconda/envs/env1/lib/python3.12/site-packages/cupyx/jit/_interface.py:173: FutureWarning: cupyx.jit.rawkernel is experimental. The interface can change in the future.
  cupy._util.experimental('cupyx.jit.rawkernel')
/LUMI_TYKKY_lpQ1Wtj/miniconda/envs/env1/lib/python3.12/site-packages/cupyx/jit/_interface.py:173: FutureWarning: cupyx.jit.rawkernel is experimental. The interface can change in the future.
  cupy._util.experimental('cupyx.jit.rawkernel')
/LUMI_TYKKY_lpQ1Wtj/miniconda/envs/env1/lib/python3.12/site-packages/cupyx/jit/_interface.py:173: FutureWarning: cupyx.jit.rawkernel is experimental. The interface can change in the future.
  cupy._util.experimental('cupyx.jit.rawkernel')
/LUMI_TYKKY_lpQ1Wtj/miniconda/envs/env1/lib/python3.12/site-packages/cupyx/jit/_interface.py:173: FutureWarning: cupyx.jit.rawkernel is experimental. The interface can change in the future.
  cupy._util.experimental('cupyx.jit.rawkernel')
/LUMI_TYKKY_lpQ1Wtj/miniconda/envs/env1/lib/python3.12/site-packages/cupyx/jit/_interface.py:173: FutureWarning: cupyx.jit.rawkernel is experimental. The interface can change in the future.
  cupy._util.experimental('cupyx.jit.rawkernel')
/LUMI_TYKKY_lpQ1Wtj/miniconda/envs/env1/lib/python3.12/site-packages/cupyx/jit/_interface.py:173: FutureWarning: cupyx.jit.rawkernel is experimental. The interface can change in the future.
  cupy._util.experimental('cupyx.jit.rawkernel')
/LUMI_TYKKY_lpQ1Wtj/miniconda/envs/env1/lib/python3.12/site-packages/cupyx/jit/_interface.py:173: FutureWarning: cupyx.jit.rawkernel is experimental. The interface can change in the future.
  cupy._util.experimental('cupyx.jit.rawkernel')
/LUMI_TYKKY_lpQ1Wtj/miniconda/envs/env1/lib/python3.12/site-packages/cupyx/jit/_interface.py:173: FutureWarning: cupyx.jit.rawkernel is experimental. The interface can change in the future.
  cupy._util.experimental('cupyx.jit.rawkernel')
/LUMI_TYKKY_lpQ1Wtj/miniconda/envs/env1/lib/python3.12/site-packages/cupyx/jit/_interface.py:173: FutureWarning: cupyx.jit.rawkernel is experimental. The interface can change in the future.
  cupy._util.experimental('cupyx.jit.rawkernel')
/LUMI_TYKKY_lpQ1Wtj/miniconda/envs/env1/lib/python3.12/site-packages/cupyx/jit/_interface.py:173: FutureWarning: cupyx.jit.rawkernel is experimental. The interface can change in the future.
  cupy._util.experimental('cupyx.jit.rawkernel')
/LUMI_TYKKY_lpQ1Wtj/miniconda/envs/env1/lib/python3.12/site-packages/cupyx/jit/_interface.py:173: FutureWarning: cupyx.jit.rawkernel is experimental. The interface can change in the future.
  cupy._util.experimental('cupyx.jit.rawkernel')
/LUMI_TYKKY_lpQ1Wtj/miniconda/envs/env1/lib/python3.12/site-packages/cupyx/jit/_interface.py:173: FutureWarning: cupyx.jit.rawkernel is experimental. The interface can change in the future.
  cupy._util.experimental('cupyx.jit.rawkernel')
/LUMI_TYKKY_lpQ1Wtj/miniconda/envs/env1/lib/python3.12/site-packages/cupyx/jit/_interface.py:173: FutureWarning: cupyx.jit.rawkernel is experimental. The interface can change in the future.
  cupy._util.experimental('cupyx.jit.rawkernel')
/LUMI_TYKKY_lpQ1Wtj/miniconda/envs/env1/lib/python3.12/site-packages/cupyx/jit/_interface.py:173: FutureWarning: cupyx.jit.rawkernel is experimental. The interface can change in the future.
  cupy._util.experimental('cupyx.jit.rawkernel')
/LUMI_TYKKY_lpQ1Wtj/miniconda/envs/env1/lib/python3.12/site-packages/cupyx/jit/_interface.py:173: FutureWarning: cupyx.jit.rawkernel is experimental. The interface can change in the future.
  cupy._util.experimental('cupyx.jit.rawkernel')
/LUMI_TYKKY_lpQ1Wtj/miniconda/envs/env1/lib/python3.12/site-packages/cupyx/jit/_interface.py:173: FutureWarning: cupyx.jit.rawkernel is experimental. The interface can change in the future.
  cupy._util.experimental('cupyx.jit.rawkernel')
/LUMI_TYKKY_lpQ1Wtj/miniconda/envs/env1/lib/python3.12/site-packages/cupyx/jit/_interface.py:173: FutureWarning: cupyx.jit.rawkernel is experimental. The interface can change in the future.
  cupy._util.experimental('cupyx.jit.rawkernel')
/LUMI_TYKKY_lpQ1Wtj/miniconda/envs/env1/lib/python3.12/site-packages/cupyx/jit/_interface.py:173: FutureWarning: cupyx.jit.rawkernel is experimental. The interface can change in the future.
  cupy._util.experimental('cupyx.jit.rawkernel')
/LUMI_TYKKY_lpQ1Wtj/miniconda/envs/env1/lib/python3.12/site-packages/cupyx/jit/_interface.py:173: FutureWarning: cupyx.jit.rawkernel is experimental. The interface can change in the future.
  cupy._util.experimental('cupyx.jit.rawkernel')
/LUMI_TYKKY_lpQ1Wtj/miniconda/envs/env1/lib/python3.12/site-packages/cupyx/jit/_interface.py:173: FutureWarning: cupyx.jit.rawkernel is experimental. The interface can change in the future.
  cupy._util.experimental('cupyx.jit.rawkernel')
/LUMI_TYKKY_lpQ1Wtj/miniconda/envs/env1/lib/python3.12/site-packages/cupyx/jit/_interface.py:173: FutureWarning: cupyx.jit.rawkernel is experimental. The interface can change in the future.
  cupy._util.experimental('cupyx.jit.rawkernel')
/LUMI_TYKKY_lpQ1Wtj/miniconda/envs/env1/lib/python3.12/site-packages/cupyx/jit/_interface.py:173: FutureWarning: cupyx.jit.rawkernel is experimental. The interface can change in the future.
  cupy._util.experimental('cupyx.jit.rawkernel')
/LUMI_TYKKY_lpQ1Wtj/miniconda/envs/env1/lib/python3.12/site-packages/cupyx/jit/_interface.py:173: FutureWarning: cupyx.jit.rawkernel is experimental. The interface can change in the future.
  cupy._util.experimental('cupyx.jit.rawkernel')
/LUMI_TYKKY_lpQ1Wtj/miniconda/envs/env1/lib/python3.12/site-packages/cupyx/jit/_interface.py:173: FutureWarning: cupyx.jit.rawkernel is experimental. The interface can change in the future.
  cupy._util.experimental('cupyx.jit.rawkernel')
/LUMI_TYKKY_lpQ1Wtj/miniconda/envs/env1/lib/python3.12/site-packages/cupyx/jit/_interface.py:173: FutureWarning: cupyx.jit.rawkernel is experimental. The interface can change in the future.
  cupy._util.experimental('cupyx.jit.rawkernel')
/LUMI_TYKKY_lpQ1Wtj/miniconda/envs/env1/lib/python3.12/site-packages/cupyx/jit/_interface.py:173: FutureWarning: cupyx.jit.rawkernel is experimental. The interface can change in the future.
  cupy._util.experimental('cupyx.jit.rawkernel')
/LUMI_TYKKY_lpQ1Wtj/miniconda/envs/env1/lib/python3.12/site-packages/cupyx/jit/_interface.py:173: FutureWarning: cupyx.jit.rawkernel is experimental. The interface can change in the future.
  cupy._util.experimental('cupyx.jit.rawkernel')
/LUMI_TYKKY_lpQ1Wtj/miniconda/envs/env1/lib/python3.12/site-packages/cupyx/jit/_interface.py:173: FutureWarning: cupyx.jit.rawkernel is experimental. The interface can change in the future.
  cupy._util.experimental('cupyx.jit.rawkernel')
/LUMI_TYKKY_lpQ1Wtj/miniconda/envs/env1/lib/python3.12/site-packages/cupyx/jit/_interface.py:173: FutureWarning: cupyx.jit.rawkernel is experimental. The interface can change in the future.
  cupy._util.experimental('cupyx.jit.rawkernel')
/LUMI_TYKKY_lpQ1Wtj/miniconda/envs/env1/lib/python3.12/site-packages/cupyx/jit/_interface.py:173: FutureWarning: cupyx.jit.rawkernel is experimental. The interface can change in the future.
  cupy._util.experimental('cupyx.jit.rawkernel')
/LUMI_TYKKY_lpQ1Wtj/miniconda/envs/env1/lib/python3.12/site-packages/cupyx/jit/_interface.py:173: FutureWarning: cupyx.jit.rawkernel is experimental. The interface can change in the future.
  cupy._util.experimental('cupyx.jit.rawkernel')
/LUMI_TYKKY_lpQ1Wtj/miniconda/envs/env1/lib/python3.12/site-packages/cupyx/jit/_interface.py:173: FutureWarning: cupyx.jit.rawkernel is experimental. The interface can change in the future.
  cupy._util.experimental('cupyx.jit.rawkernel')
/LUMI_TYKKY_lpQ1Wtj/miniconda/envs/env1/lib/python3.12/site-packages/cupyx/jit/_interface.py:173: FutureWarning: cupyx.jit.rawkernel is experimental. The interface can change in the future.
  cupy._util.experimental('cupyx.jit.rawkernel')
/LUMI_TYKKY_lpQ1Wtj/miniconda/envs/env1/lib/python3.12/site-packages/cupyx/jit/_interface.py:173: FutureWarning: cupyx.jit.rawkernel is experimental. The interface can change in the future.
  cupy._util.experimental('cupyx.jit.rawkernel')
/LUMI_TYKKY_lpQ1Wtj/miniconda/envs/env1/lib/python3.12/site-packages/cupyx/jit/_interface.py:173: FutureWarning: cupyx.jit.rawkernel is experimental. The interface can change in the future.
  cupy._util.experimental('cupyx.jit.rawkernel')
/LUMI_TYKKY_lpQ1Wtj/miniconda/envs/env1/lib/python3.12/site-packages/cupyx/jit/_interface.py:173: FutureWarning: cupyx.jit.rawkernel is experimental. The interface can change in the future.
  cupy._util.experimental('cupyx.jit.rawkernel')
rocm-smi found, AMD GPU available
/LUMI_TYKKY_lpQ1Wtj/miniconda/envs/env1/lib/python3.12/site-packages/cupyx/jit/_interface.py:173: FutureWarning: cupyx.jit.rawkernel is experimental. The interface can change in the future.
  cupy._util.experimental('cupyx.jit.rawkernel')
/LUMI_TYKKY_lpQ1Wtj/miniconda/envs/env1/lib/python3.12/site-packages/cupyx/jit/_interface.py:173: FutureWarning: cupyx.jit.rawkernel is experimental. The interface can change in the future.
  cupy._util.experimental('cupyx.jit.rawkernel')
/LUMI_TYKKY_lpQ1Wtj/miniconda/envs/env1/lib/python3.12/site-packages/cupyx/jit/_interface.py:173: FutureWarning: cupyx.jit.rawkernel is experimental. The interface can change in the future.
  cupy._util.experimental('cupyx.jit.rawkernel')
/LUMI_TYKKY_lpQ1Wtj/miniconda/envs/env1/lib/python3.12/site-packages/cupyx/jit/_interface.py:173: FutureWarning: cupyx.jit.rawkernel is experimental. The interface can change in the future.
  cupy._util.experimental('cupyx.jit.rawkernel')
/LUMI_TYKKY_lpQ1Wtj/miniconda/envs/env1/lib/python3.12/site-packages/cupyx/jit/_interface.py:173: FutureWarning: cupyx.jit.rawkernel is experimental. The interface can change in the future.
  cupy._util.experimental('cupyx.jit.rawkernel')
/LUMI_TYKKY_lpQ1Wtj/miniconda/envs/env1/lib/python3.12/site-packages/cupyx/jit/_interface.py:173: FutureWarning: cupyx.jit.rawkernel is experimental. The interface can change in the future.
  cupy._util.experimental('cupyx.jit.rawkernel')
/LUMI_TYKKY_lpQ1Wtj/miniconda/envs/env1/lib/python3.12/site-packages/cupyx/jit/_interface.py:173: FutureWarning: cupyx.jit.rawkernel is experimental. The interface can change in the future.
  cupy._util.experimental('cupyx.jit.rawkernel')
/LUMI_TYKKY_lpQ1Wtj/miniconda/envs/env1/lib/python3.12/site-packages/cupyx/jit/_interface.py:173: FutureWarning: cupyx.jit.rawkernel is experimental. The interface can change in the future.
  cupy._util.experimental('cupyx.jit.rawkernel')
/LUMI_TYKKY_lpQ1Wtj/miniconda/envs/env1/lib/python3.12/site-packages/cupyx/jit/_interface.py:173: FutureWarning: cupyx.jit.rawkernel is experimental. The interface can change in the future.
  cupy._util.experimental('cupyx.jit.rawkernel')
/LUMI_TYKKY_lpQ1Wtj/miniconda/envs/env1/lib/python3.12/site-packages/cupyx/jit/_interface.py:173: FutureWarning: cupyx.jit.rawkernel is experimental. The interface can change in the future.
  cupy._util.experimental('cupyx.jit.rawkernel')
/LUMI_TYKKY_lpQ1Wtj/miniconda/envs/env1/lib/python3.12/site-packages/cupyx/jit/_interface.py:173: FutureWarning: cupyx.jit.rawkernel is experimental. The interface can change in the future.
  cupy._util.experimental('cupyx.jit.rawkernel')
/LUMI_TYKKY_lpQ1Wtj/miniconda/envs/env1/lib/python3.12/site-packages/cupyx/jit/_interface.py:173: FutureWarning: cupyx.jit.rawkernel is experimental. The interface can change in the future.
  cupy._util.experimental('cupyx.jit.rawkernel')
/LUMI_TYKKY_lpQ1Wtj/miniconda/envs/env1/lib/python3.12/site-packages/cupyx/jit/_interface.py:173: FutureWarning: cupyx.jit.rawkernel is experimental. The interface can change in the future.
  cupy._util.experimental('cupyx.jit.rawkernel')
/LUMI_TYKKY_lpQ1Wtj/miniconda/envs/env1/lib/python3.12/site-packages/cupyx/jit/_interface.py:173: FutureWarning: cupyx.jit.rawkernel is experimental. The interface can change in the future.
  cupy._util.experimental('cupyx.jit.rawkernel')
/LUMI_TYKKY_lpQ1Wtj/miniconda/envs/env1/lib/python3.12/site-packages/cupyx/jit/_interface.py:173: FutureWarning: cupyx.jit.rawkernel is experimental. The interface can change in the future.
  cupy._util.experimental('cupyx.jit.rawkernel')
/LUMI_TYKKY_lpQ1Wtj/miniconda/envs/env1/lib/python3.12/site-packages/cupyx/jit/_interface.py:173: FutureWarning: cupyx.jit.rawkernel is experimental. The interface can change in the future.
  cupy._util.experimental('cupyx.jit.rawkernel')
/LUMI_TYKKY_lpQ1Wtj/miniconda/envs/env1/lib/python3.12/site-packages/cupyx/jit/_interface.py:173: FutureWarning: cupyx.jit.rawkernel is experimental. The interface can change in the future.
  cupy._util.experimental('cupyx.jit.rawkernel')
/LUMI_TYKKY_lpQ1Wtj/miniconda/envs/env1/lib/python3.12/site-packages/cupyx/jit/_interface.py:173: FutureWarning: cupyx.jit.rawkernel is experimental. The interface can change in the future.
  cupy._util.experimental('cupyx.jit.rawkernel')
/LUMI_TYKKY_lpQ1Wtj/miniconda/envs/env1/lib/python3.12/site-packages/cupyx/jit/_interface.py:173: FutureWarning: cupyx.jit.rawkernel is experimental. The interface can change in the future.
  cupy._util.experimental('cupyx.jit.rawkernel')
/LUMI_TYKKY_lpQ1Wtj/miniconda/envs/env1/lib/python3.12/site-packages/cupyx/jit/_interface.py:173: FutureWarning: cupyx.jit.rawkernel is experimental. The interface can change in the future.
  cupy._util.experimental('cupyx.jit.rawkernel')
/LUMI_TYKKY_lpQ1Wtj/miniconda/envs/env1/lib/python3.12/site-packages/cupyx/jit/_interface.py:173: FutureWarning: cupyx.jit.rawkernel is experimental. The interface can change in the future.
  cupy._util.experimental('cupyx.jit.rawkernel')
/LUMI_TYKKY_lpQ1Wtj/miniconda/envs/env1/lib/python3.12/site-packages/cupyx/jit/_interface.py:173: FutureWarning: cupyx.jit.rawkernel is experimental. The interface can change in the future.
  cupy._util.experimental('cupyx.jit.rawkernel')
/LUMI_TYKKY_lpQ1Wtj/miniconda/envs/env1/lib/python3.12/site-packages/cupyx/jit/_interface.py:173: FutureWarning: cupyx.jit.rawkernel is experimental. The interface can change in the future.
  cupy._util.experimental('cupyx.jit.rawkernel')
/LUMI_TYKKY_lpQ1Wtj/miniconda/envs/env1/lib/python3.12/site-packages/cupyx/jit/_interface.py:173: FutureWarning: cupyx.jit.rawkernel is experimental. The interface can change in the future.
  cupy._util.experimental('cupyx.jit.rawkernel')
/LUMI_TYKKY_lpQ1Wtj/miniconda/envs/env1/lib/python3.12/site-packages/cupyx/jit/_interface.py:173: FutureWarning: cupyx.jit.rawkernel is experimental. The interface can change in the future.
  cupy._util.experimental('cupyx.jit.rawkernel')
/LUMI_TYKKY_lpQ1Wtj/miniconda/envs/env1/lib/python3.12/site-packages/cupyx/jit/_interface.py:173: FutureWarning: cupyx.jit.rawkernel is experimental. The interface can change in the future.
  cupy._util.experimental('cupyx.jit.rawkernel')
/LUMI_TYKKY_lpQ1Wtj/miniconda/envs/env1/lib/python3.12/site-packages/cupyx/jit/_interface.py:173: FutureWarning: cupyx.jit.rawkernel is experimental. The interface can change in the future.
  cupy._util.experimental('cupyx.jit.rawkernel')
/LUMI_TYKKY_lpQ1Wtj/miniconda/envs/env1/lib/python3.12/site-packages/cupyx/jit/_interface.py:173: FutureWarning: cupyx.jit.rawkernel is experimental. The interface can change in the future.
  cupy._util.experimental('cupyx.jit.rawkernel')
/LUMI_TYKKY_lpQ1Wtj/miniconda/envs/env1/lib/python3.12/site-packages/cupyx/jit/_interface.py:173: FutureWarning: cupyx.jit.rawkernel is experimental. The interface can change in the future.
  cupy._util.experimental('cupyx.jit.rawkernel')
/LUMI_TYKKY_lpQ1Wtj/miniconda/envs/env1/lib/python3.12/site-packages/cupyx/jit/_interface.py:173: FutureWarning: cupyx.jit.rawkernel is experimental. The interface can change in the future.
  cupy._util.experimental('cupyx.jit.rawkernel')
/LUMI_TYKKY_lpQ1Wtj/miniconda/envs/env1/lib/python3.12/site-packages/cupyx/jit/_interface.py:173: FutureWarning: cupyx.jit.rawkernel is experimental. The interface can change in the future.
  cupy._util.experimental('cupyx.jit.rawkernel')
/LUMI_TYKKY_lpQ1Wtj/miniconda/envs/env1/lib/python3.12/site-packages/cupyx/jit/_interface.py:173: FutureWarning: cupyx.jit.rawkernel is experimental. The interface can change in the future.
  cupy._util.experimental('cupyx.jit.rawkernel')
/LUMI_TYKKY_lpQ1Wtj/miniconda/envs/env1/lib/python3.12/site-packages/cupyx/jit/_interface.py:173: FutureWarning: cupyx.jit.rawkernel is experimental. The interface can change in the future.
  cupy._util.experimental('cupyx.jit.rawkernel')
/LUMI_TYKKY_lpQ1Wtj/miniconda/envs/env1/lib/python3.12/site-packages/cupyx/jit/_interface.py:173: FutureWarning: cupyx.jit.rawkernel is experimental. The interface can change in the future.
  cupy._util.experimental('cupyx.jit.rawkernel')
/LUMI_TYKKY_lpQ1Wtj/miniconda/envs/env1/lib/python3.12/site-packages/cupyx/jit/_interface.py:173: FutureWarning: cupyx.jit.rawkernel is experimental. The interface can change in the future.
  cupy._util.experimental('cupyx.jit.rawkernel')
/LUMI_TYKKY_lpQ1Wtj/miniconda/envs/env1/lib/python3.12/site-packages/cupyx/jit/_interface.py:173: FutureWarning: cupyx.jit.rawkernel is experimental. The interface can change in the future.
  cupy._util.experimental('cupyx.jit.rawkernel')
/LUMI_TYKKY_lpQ1Wtj/miniconda/envs/env1/lib/python3.12/site-packages/cupyx/jit/_interface.py:173: FutureWarning: cupyx.jit.rawkernel is experimental. The interface can change in the future.
  cupy._util.experimental('cupyx.jit.rawkernel')
/LUMI_TYKKY_lpQ1Wtj/miniconda/envs/env1/lib/python3.12/site-packages/cupyx/jit/_interface.py:173: FutureWarning: cupyx.jit.rawkernel is experimental. The interface can change in the future.
  cupy._util.experimental('cupyx.jit.rawkernel')
/LUMI_TYKKY_lpQ1Wtj/miniconda/envs/env1/lib/python3.12/site-packages/cupyx/jit/_interface.py:173: FutureWarning: cupyx.jit.rawkernel is experimental. The interface can change in the future.
  cupy._util.experimental('cupyx.jit.rawkernel')
/LUMI_TYKKY_lpQ1Wtj/miniconda/envs/env1/lib/python3.12/site-packages/cupyx/jit/_interface.py:173: FutureWarning: cupyx.jit.rawkernel is experimental. The interface can change in the future.
  cupy._util.experimental('cupyx.jit.rawkernel')
/LUMI_TYKKY_lpQ1Wtj/miniconda/envs/env1/lib/python3.12/site-packages/cupyx/jit/_interface.py:173: FutureWarning: cupyx.jit.rawkernel is experimental. The interface can change in the future.
  cupy._util.experimental('cupyx.jit.rawkernel')
/LUMI_TYKKY_lpQ1Wtj/miniconda/envs/env1/lib/python3.12/site-packages/cupyx/jit/_interface.py:173: FutureWarning: cupyx.jit.rawkernel is experimental. The interface can change in the future.
  cupy._util.experimental('cupyx.jit.rawkernel')
/LUMI_TYKKY_lpQ1Wtj/miniconda/envs/env1/lib/python3.12/site-packages/cupyx/jit/_interface.py:173: FutureWarning: cupyx.jit.rawkernel is experimental. The interface can change in the future.
  cupy._util.experimental('cupyx.jit.rawkernel')
Using gpu implementation
Shape: (491040,), Size: 491040, Type: int32
Shape: (491040,), Size: 491040, Type: int32
Shape: (491040,), Size: 491040, Type: int32
Shape: (491040,), Size: 491040, Type: int32
Shape: (491040,), Size: 491040, Type: int32
Shape: (491040,), Size: 491040, Type: int32
Shape: (491040,), Size: 491040, Type: int32
Shape: (491040,), Size: 491040, Type: int32
Shape: (1, 485632), Size: 485632, Type: int32
Shape: (1, 485632), Size: 485632, Type: int32
Shape: (1, 3798080), Size: 3798080, Type: int32
Shape: (1, 3798080), Size: 3798080, Type: int32
Shape: (1, 5408), Size: 5408, Type: int32
Shape: (1, 5408), Size: 5408, Type: int32
Shape: (485632,), Size: 485632, Type: complex128
Shape: (3798080,), Size: 3798080, Type: complex128
Shape: (5408,), Size: 5408, Type: complex128
#Energy: 8192 #nnz: 491040
Rank: 14 #Energy/rank: 64 #nnz/rank: 3836 nid006552
Rank: 5 #Energy/rank: 64 #nnz/rank: 3836 nid006497
Rank: 1 #Energy/rank: 64 #nnz/rank: 3836 nid006497
Rank: 10 #Energy/rank: 64 #nnz/rank: 3836 nid006552
Rank: 6 #Energy/rank: 64 #nnz/rank: 3836 nid006497
Rank: 15 #Energy/rank: 64 #nnz/rank: 3836 nid006552
Rank: 86 #Energy/rank: 64 #nnz/rank: 3836 nid007110
Rank: 83 #Energy/rank: 64 #nnz/rank: 3836 nid007110
Rank: 3 #Energy/rank: 64 #nnz/rank: 3836 nid006497
Rank: 11 #Energy/rank: 64 #nnz/rank: 3836 nid006552
Rank: 70 #Energy/rank: 64 #nnz/rank: 3836 nid007095
Rank: 81 #Energy/rank: 64 #nnz/rank: 3836 nid007110
Rank: 7 #Energy/rank: 64 #nnz/rank: 3836 nid006497
Rank: 13 #Energy/rank: 64 #nnz/rank: 3836 nid006552
Rank: 85 #Energy/rank: 64 #nnz/rank: 3836 nid007110
Rank: 113 #Energy/rank: 64 #nnz/rank: 3836 nid007644
Rank: 119 #Energy/rank: 64 #nnz/rank: 3836 nid007644
Rank: 4 #Energy/rank: 64 #nnz/rank: 3836 nid006497
Rank: 123 #Energy/rank: 64 #nnz/rank: 3836 nid007645
Rank: 9 #Energy/rank: 64 #nnz/rank: 3836 nid006552
Rank: 67 #Energy/rank: 64 #nnz/rank: 3836 nid007095
Rank: 2 #Energy/rank: 64 #nnz/rank: 3836 nid006497
Rank: 23 #Energy/rank: 64 #nnz/rank: 3836 nid006901
Rank: 75 #Energy/rank: 64 #nnz/rank: 3836 nid007100
Rank: 71 #Energy/rank: 64 #nnz/rank: 3836 nid007095
Rank: 82 #Energy/rank: 64 #nnz/rank: 3836 nid007110
Rank: 73 #Energy/rank: 64 #nnz/rank: 3836 nid007100
Rank: 103 #Energy/rank: 64 #nnz/rank: 3836 nid007642
Rank: 12 #Energy/rank: 64 #nnz/rank: 3836 nid006552
Rank: 78 #Energy/rank: 64 #nnz/rank: 3836 nid007100
Rank: 122 #Energy/rank: 64 #nnz/rank: 3836 nid007645
Rank: 115 #Energy/rank: 64 #nnz/rank: 3836 nid007644
Rank: 127 #Energy/rank: 64 #nnz/rank: 3868 nid007645
Rank: 87 #Energy/rank: 64 #nnz/rank: 3836 nid007110
Rank: 18 #Energy/rank: 64 #nnz/rank: 3836 nid006901
Rank: 111 #Energy/rank: 64 #nnz/rank: 3836 nid007643
Rank: 46 #Energy/rank: 64 #nnz/rank: 3836 nid007064
Rank: 55 #Energy/rank: 64 #nnz/rank: 3836 nid007071
Rank: 106 #Energy/rank: 64 #nnz/rank: 3836 nid007643
Rank: 65 #Energy/rank: 64 #nnz/rank: 3836 nid007095
Rank: 105 #Energy/rank: 64 #nnz/rank: 3836 nid007643
Rank: 98 #Energy/rank: 64 #nnz/rank: 3836 nid007642
Rank: 114 #Energy/rank: 64 #nnz/rank: 3836 nid007644
Rank: 118 #Energy/rank: 64 #nnz/rank: 3836 nid007644
Rank: 43 #Energy/rank: 64 #nnz/rank: 3836 nid007064
Rank: 107 #Energy/rank: 64 #nnz/rank: 3836 nid007643
Rank: 19 #Energy/rank: 64 #nnz/rank: 3836 nid006901
Rank: 79 #Energy/rank: 64 #nnz/rank: 3836 nid007100
Rank: 50 #Energy/rank: 64 #nnz/rank: 3836 nid007071
Rank: 84 #Energy/rank: 64 #nnz/rank: 3836 nid007110
Rank: 17 #Energy/rank: 64 #nnz/rank: 3836 nid006901
Rank: 74 #Energy/rank: 64 #nnz/rank: 3836 nid007100
Rank: 66 #Energy/rank: 64 #nnz/rank: 3836 nid007095
Rank: 102 #Energy/rank: 64 #nnz/rank: 3836 nid007642
Rank: 126 #Energy/rank: 64 #nnz/rank: 3836 nid007645
Rank: 99 #Energy/rank: 64 #nnz/rank: 3836 nid007642
Rank: 97 #Energy/rank: 64 #nnz/rank: 3836 nid007642
Rank: 62 #Energy/rank: 64 #nnz/rank: 3836 nid007081
Rank: 47 #Energy/rank: 64 #nnz/rank: 3836 nid007064
Rank: 44 #Energy/rank: 64 #nnz/rank: 3836 nid007064
Rank: 52 #Energy/rank: 64 #nnz/rank: 3836 nid007071
Rank: 39 #Energy/rank: 64 #nnz/rank: 3836 nid007015
Rank: 110 #Energy/rank: 64 #nnz/rank: 3836 nid007643
Rank: 51 #Energy/rank: 64 #nnz/rank: 3836 nid007071
Rank: 121 #Energy/rank: 64 #nnz/rank: 3836 nid007645
Rank: 68 #Energy/rank: 64 #nnz/rank: 3836 nid007095
Rank: 41 #Energy/rank: 64 #nnz/rank: 3836 nid007064
Rank: 34 #Energy/rank: 64 #nnz/rank: 3836 nid007015
Rank: 31 #Energy/rank: 64 #nnz/rank: 3836 nid006974
Rank: 63 #Energy/rank: 64 #nnz/rank: 3836 nid007081
Rank: 49 #Energy/rank: 64 #nnz/rank: 3836 nid007071
Rank: 69 #Energy/rank: 64 #nnz/rank: 3836 nid007095
Rank: 25 #Energy/rank: 64 #nnz/rank: 3836 nid006974
Rank: 42 #Energy/rank: 64 #nnz/rank: 3836 nid007064
Rank: 54 #Energy/rank: 64 #nnz/rank: 3836 nid007071
Rank: 58 #Energy/rank: 64 #nnz/rank: 3836 nid007081
Rank: 27 #Energy/rank: 64 #nnz/rank: 3836 nid006974
Rank: 38 #Energy/rank: 64 #nnz/rank: 3836 nid007015
Rank: 22 #Energy/rank: 64 #nnz/rank: 3836 nid006901
Rank: 59 #Energy/rank: 64 #nnz/rank: 3836 nid007081
Rank: 30 #Energy/rank: 64 #nnz/rank: 3836 nid006974
Rank: 57 #Energy/rank: 64 #nnz/rank: 3836 nid007081
Rank: 53 #Energy/rank: 64 #nnz/rank: 3836 nid007071
Rank: 33 #Energy/rank: 64 #nnz/rank: 3836 nid007015
Rank: 26 #Energy/rank: 64 #nnz/rank: 3836 nid006974
Rank: 45 #Energy/rank: 64 #nnz/rank: 3836 nid007064
Rank: 109 #Energy/rank: 64 #nnz/rank: 3836 nid007643
Rank: 117 #Energy/rank: 64 #nnz/rank: 3836 nid007644
Rank: 108 #Energy/rank: 64 #nnz/rank: 3836 nid007643
Rank: 20 #Energy/rank: 64 #nnz/rank: 3836 nid006901
Rank: 116 #Energy/rank: 64 #nnz/rank: 3836 nid007644
Rank: 35 #Energy/rank: 64 #nnz/rank: 3836 nid007015
Rank: 100 #Energy/rank: 64 #nnz/rank: 3836 nid007642
Rank: 125 #Energy/rank: 64 #nnz/rank: 3836 nid007645
Rank: 124 #Energy/rank: 64 #nnz/rank: 3836 nid007645
Rank: 80 #Energy/rank: 64 #nnz/rank: 3836 nid007110
Rank: 8 #Energy/rank: 64 #nnz/rank: 3836 nid006552
Rank: 77 #Energy/rank: 64 #nnz/rank: 3836 nid007100
Rank: 36 #Energy/rank: 64 #nnz/rank: 3836 nid007015
Rank: 61 #Energy/rank: 64 #nnz/rank: 3836 nid007081
Rank: 60 #Energy/rank: 64 #nnz/rank: 3836 nid007081
Rank: 37 #Energy/rank: 64 #nnz/rank: 3836 nid007015
Rank: 0 #Energy/rank: 64 #nnz/rank: 3836 nid006497
Rank: 101 #Energy/rank: 64 #nnz/rank: 3836 nid007642
Rank: 16 #Energy/rank: 64 #nnz/rank: 3836 nid006901
Rank: 28 #Energy/rank: 64 #nnz/rank: 3836 nid006974
Rank: 90 #Energy/rank: 64 #nnz/rank: 3836 nid007121
Rank: 104 #Energy/rank: 64 #nnz/rank: 3836 nid007643
Rank: 95 #Energy/rank: 64 #nnz/rank: 3836 nid007121
Rank: 72 #Energy/rank: 64 #nnz/rank: 3836 nid007100
Rank: 21 #Energy/rank: 64 #nnz/rank: 3836 nid006901
Rank: 56 #Energy/rank: 64 #nnz/rank: 3836 nid007081
Rank: 32 #Energy/rank: 64 #nnz/rank: 3836 nid007015
Rank: 76 #Energy/rank: 64 #nnz/rank: 3836 nid007100
Rank: 120 #Energy/rank: 64 #nnz/rank: 3836 nid007645
Rank: 64 #Energy/rank: 64 #nnz/rank: 3836 nid007095
Rank: 112 #Energy/rank: 64 #nnz/rank: 3836 nid007644
Rank: 24 #Energy/rank: 64 #nnz/rank: 3836 nid006974
Rank: 94 #Energy/rank: 64 #nnz/rank: 3836 nid007121
Rank: 29 #Energy/rank: 64 #nnz/rank: 3836 nid006974
Rank: 89 #Energy/rank: 64 #nnz/rank: 3836 nid007121
Rank: 91 #Energy/rank: 64 #nnz/rank: 3836 nid007121
Rank: 96 #Energy/rank: 64 #nnz/rank: 3836 nid007642
Rank: 40 #Energy/rank: 64 #nnz/rank: 3836 nid007064
Rank: 48 #Energy/rank: 64 #nnz/rank: 3836 nid007071
Rank: 92 #Energy/rank: 64 #nnz/rank: 3836 nid007121
Rank: 93 #Energy/rank: 64 #nnz/rank: 3836 nid007121
Rank: 88 #Energy/rank: 64 #nnz/rank: 3836 nid007121
Symmetrization time: 0.20753424800932407
send rank 1 was: 62 send rank 2 was: 62 new band edge: -2.0750420609773443
Band edge time: 0.48195912316441536
ECmin: -2.0750420609773443
Time for pre-processing OBC: 4.391 s
Time for OBC: 9.380 s
Time for GF transformation: 0.000 s
Time for SE subtraction: 0.000 s
Time for GF: 4.255 s
Time for post-processing: 0.009 s
G2P communication time: 3.1128454245626926
Green's function calculated
Polarization computation time: 0.23122925870120525
P2W communication time: 1.2642290312796831
Polarization calculated
Time for pre-processing OBC: 1.253 s
OBC-W region
    Time for overall spgemm loop: 1.154 s
        Time for copy in: 0.085 s
        Time for spgemm: 0.755 s
        Time for copy out: 0.000 s
        Time for dense: 0.258 s
    Time for obc mm: 1.097 s
    Time for beyn w: 3.349 s
    Time for obc l: 1.955 s
Time for OBC: 7.572 s
Time for spgemm: 0.000 s
Time for W transformation: 0.085 s
Time for W: 3.694 s
Time for post-processing: 0.009 s
W2S communication time: 3.866252386942506
Finish p2w
Sigma computation time: 0.1255095638334751
S2G communication time: 1.3818252813071012
Sigma memory update time: 0.00038819946348667145
SEPHN computation time: 0.016062043607234955
Observables reduction time: 0.013279808685183525
Finish iteration 0, time: 41.39969214051962
Symmetrization time: 0.025229228660464287
send rank 1 was: 56 send rank 2 was: 56 new band edge: -2.214753135852057
Band edge time: 0.28657638654112816
ECmin: -2.214753135852057
Time for pre-processing OBC: 0.150 s
Time for OBC: 3.331 s
Time for GF transformation: 0.000 s
Time for SE subtraction: 0.000 s
Time for GF: 4.048 s
Time for post-processing: 0.008 s
G2P communication time: 1.081659423187375
Green's function calculated
Polarization computation time: 0.016880089417099953
P2W communication time: 0.5722029879689217
Polarization calculated
Time for pre-processing OBC: 0.210 s
OBC-W region
    Time for overall spgemm loop: 0.911 s
        Time for copy in: 0.020 s
        Time for spgemm: 0.756 s
        Time for copy out: 0.000 s
        Time for dense: 0.100 s
    Time for obc mm: 1.073 s
    Time for beyn w: 3.064 s
    Time for obc l: 1.735 s
Time for OBC: 6.799 s
Time for spgemm: 0.000 s
Time for W transformation: 0.050 s
Time for W: 3.679 s
Time for post-processing: 0.008 s
W2S communication time: 1.4002371244132519
Finish p2w
Sigma computation time: 0.09592417255043983
S2G communication time: 0.5775269642472267
Sigma memory update time: 0.0003947839140892029
SEPHN computation time: 0.016006579622626305
Observables reduction time: 0.010100042447447777
Finish iteration 1, time: 22.419100895524025
Symmetrization time: 0.025184644386172295
send rank 1 was: 53 send rank 2 was: 53 new band edge: -2.403740905208329
Band edge time: 0.29054995998740196
ECmin: -2.403740905208329
Time for pre-processing OBC: 0.152 s
Time for OBC: 3.348 s
Time for GF transformation: 0.000 s
Time for SE subtraction: 0.000 s
Time for GF: 4.048 s
Time for post-processing: 0.008 s
G2P communication time: 1.0338164139539003
Green's function calculated
Polarization computation time: 0.016825193539261818
P2W communication time: 0.5741437040269375
Polarization calculated
Time for pre-processing OBC: 0.211 s
OBC-W region
    Time for overall spgemm loop: 0.911 s
        Time for copy in: 0.020 s
        Time for spgemm: 0.756 s
        Time for copy out: 0.000 s
        Time for dense: 0.099 s
    Time for obc mm: 1.076 s
    Time for beyn w: 3.087 s
    Time for obc l: 1.703 s
Time for OBC: 6.791 s
Time for spgemm: 0.000 s
Time for W transformation: 0.051 s
Time for W: 3.677 s
Time for post-processing: 0.008 s
W2S communication time: 1.3381387162953615
Finish p2w
Sigma computation time: 0.09701677784323692
S2G communication time: 0.5731793493032455
Sigma memory update time: 0.00037833116948604584
SEPHN computation time: 0.01610192283987999
Observables reduction time: 0.006925467401742935
Finish iteration 2, time: 22.318402148783207
Finish iteration
Time: 86.34 s
