Start date and time: Mon Mar 18 13:29:18 2024
Start date and time: Mon Mar 18 13:29:18 2024
Start date and time: Mon Mar 18 13:29:18 2024
Start date and time: Mon Mar 18 13:29:18 2024
Start date and time: Mon Mar 18 13:29:18 2024
Start date and time: Mon Mar 18 13:29:18 2024
Start date and time: Mon Mar 18 13:29:18 2024
Start date and time: Mon Mar 18 13:29:19 2024
Start date and time: Mon Mar 18 13:29:19 2024
Start date and time: Mon Mar 18 13:29:19 2024
Start date and time: Mon Mar 18 13:29:19 2024
Start date and time: Mon Mar 18 13:29:19 2024
Start date and time: Mon Mar 18 13:29:19 2024
Start date and time: Mon Mar 18 13:29:19 2024
Start date and time: Mon Mar 18 13:29:19 2024
Start date and time: Mon Mar 18 13:29:19 2024
Start date and time: Mon Mar 18 13:29:19 2024
Start date and time: Mon Mar 18 13:29:19 2024
Start date and time: Mon Mar 18 13:29:19 2024
Start date and time: Mon Mar 18 13:29:19 2024
Start date and time: Mon Mar 18 13:29:19 2024
Start date and time: Mon Mar 18 13:29:19 2024
Start date and time: Mon Mar 18 13:29:19 2024
Start date and time: Mon Mar 18 13:29:19 2024
Start date and time: Mon Mar 18 13:29:19 2024
Start date and time: Mon Mar 18 13:29:19 2024
Start date and time: Mon Mar 18 13:29:19 2024
Start date and time: Mon Mar 18 13:29:19 2024
Start date and time: Mon Mar 18 13:29:19 2024
Start date and time: Mon Mar 18 13:29:19 2024
Start date and time: Mon Mar 18 13:29:19 2024
Start date and time: Mon Mar 18 13:29:19 2024
Start date and time: Mon Mar 18 13:29:19 2024
Start date and time: Mon Mar 18 13:29:19 2024
Start date and time: Mon Mar 18 13:29:19 2024
Start date and time: Mon Mar 18 13:29:19 2024
Start date and time: Mon Mar 18 13:29:19 2024
Start date and time: Mon Mar 18 13:29:19 2024
Start date and time: Mon Mar 18 13:29:19 2024
Start date and time: Mon Mar 18 13:29:19 2024
Start date and time: Mon Mar 18 13:29:19 2024
Start date and time: Mon Mar 18 13:29:19 2024
Start date and time: Mon Mar 18 13:29:19 2024
Start date and time: Mon Mar 18 13:29:19 2024
Start date and time: Mon Mar 18 13:29:19 2024
Start date and time: Mon Mar 18 13:29:19 2024
Start date and time: Mon Mar 18 13:29:19 2024
Start date and time: Mon Mar 18 13:29:19 2024
Start date and time: Mon Mar 18 13:29:19 2024
Start date and time: Mon Mar 18 13:29:19 2024
Start date and time: Mon Mar 18 13:29:19 2024
Start date and time: Mon Mar 18 13:29:19 2024
Start date and time: Mon Mar 18 13:29:19 2024
Start date and time: Mon Mar 18 13:29:19 2024
Start date and time: Mon Mar 18 13:29:19 2024
Start date and time: Mon Mar 18 13:29:19 2024
Start date and time: Mon Mar 18 13:29:19 2024
Start date and time: Mon Mar 18 13:29:19 2024
Start date and time: Mon Mar 18 13:29:19 2024
Start date and time: Mon Mar 18 13:29:19 2024
Start date and time: Mon Mar 18 13:29:19 2024
Start date and time: Mon Mar 18 13:29:19 2024
Start date and time: Mon Mar 18 13:29:19 2024
Start date and time: Mon Mar 18 13:29:19 2024
Start date and time: Mon Mar 18 13:29:19 2024
Start date and time: Mon Mar 18 13:29:19 2024
Start date and time: Mon Mar 18 13:29:19 2024
Start date and time: Mon Mar 18 13:29:19 2024
Start date and time: Mon Mar 18 13:29:19 2024
Start date and time: Mon Mar 18 13:29:19 2024
Start date and time: Mon Mar 18 13:29:19 2024
Start date and time: Mon Mar 18 13:29:19 2024
Start date and time: Mon Mar 18 13:29:19 2024
Start date and time: Mon Mar 18 13:29:19 2024
Start date and time: Mon Mar 18 13:29:19 2024
Start date and time: Mon Mar 18 13:29:19 2024
Start date and time: Mon Mar 18 13:29:19 2024
Start date and time: Mon Mar 18 13:29:19 2024
Start date and time: Mon Mar 18 13:29:19 2024
Start date and time: Mon Mar 18 13:29:19 2024
Start date and time: Mon Mar 18 13:29:19 2024
Start date and time: Mon Mar 18 13:29:19 2024
Start date and time: Mon Mar 18 13:29:19 2024
Start date and time: Mon Mar 18 13:29:19 2024
Start date and time: Mon Mar 18 13:29:19 2024
Start date and time: Mon Mar 18 13:29:19 2024
Start date and time: Mon Mar 18 13:29:19 2024
Start date and time: Mon Mar 18 13:29:19 2024
Start date and time: Mon Mar 18 13:29:19 2024
Start date and time: Mon Mar 18 13:29:19 2024
Start date and time: Mon Mar 18 13:29:19 2024
Start date and time: Mon Mar 18 13:29:19 2024
Start date and time: Mon Mar 18 13:29:19 2024
Start date and time: Mon Mar 18 13:29:19 2024
Start date and time: Mon Mar 18 13:29:19 2024
Start date and time: Mon Mar 18 13:29:19 2024
Start date and time: Mon Mar 18 13:29:19 2024
Start date and time: Mon Mar 18 13:29:19 2024
Start date and time: Mon Mar 18 13:29:19 2024
Start date and time: Mon Mar 18 13:29:19 2024
Start date and time: Mon Mar 18 13:29:19 2024
Start date and time: Mon Mar 18 13:29:19 2024
Start date and time: Mon Mar 18 13:29:19 2024
Start date and time: Mon Mar 18 13:29:19 2024
Start date and time: Mon Mar 18 13:29:19 2024
Start date and time: Mon Mar 18 13:29:19 2024
Start date and time: Mon Mar 18 13:29:19 2024
Start date and time: Mon Mar 18 13:29:19 2024
Start date and time: Mon Mar 18 13:29:19 2024
Start date and time: Mon Mar 18 13:29:19 2024
Start date and time: Mon Mar 18 13:29:19 2024
Start date and time: Mon Mar 18 13:29:19 2024
Start date and time: Mon Mar 18 13:29:19 2024
Start date and time: Mon Mar 18 13:29:19 2024
Start date and time: Mon Mar 18 13:29:19 2024
Start date and time: Mon Mar 18 13:29:19 2024
Start date and time: Mon Mar 18 13:29:19 2024
Start date and time: Mon Mar 18 13:29:19 2024
Start date and time: Mon Mar 18 13:29:19 2024
Start date and time: Mon Mar 18 13:29:19 2024
Start date and time: Mon Mar 18 13:29:19 2024
Start date and time: Mon Mar 18 13:29:19 2024
Start date and time: Mon Mar 18 13:29:19 2024
Start date and time: Mon Mar 18 13:29:19 2024
Start date and time: Mon Mar 18 13:29:19 2024
Start date and time: Mon Mar 18 13:29:19 2024
Start date and time: Mon Mar 18 13:29:19 2024
Start date and time: Mon Mar 18 13:29:19 2024
Start date and time: Mon Mar 18 13:29:19 2024
Start date and time: Mon Mar 18 13:29:19 2024
Start date and time: Mon Mar 18 13:29:19 2024
Start date and time: Mon Mar 18 13:29:19 2024
Start date and time: Mon Mar 18 13:29:19 2024
Start date and time: Mon Mar 18 13:29:19 2024
Start date and time: Mon Mar 18 13:29:19 2024
Start date and time: Mon Mar 18 13:29:19 2024
Start date and time: Mon Mar 18 13:29:19 2024
Start date and time: Mon Mar 18 13:29:19 2024
Start date and time: Mon Mar 18 13:29:19 2024
Start date and time: Mon Mar 18 13:29:19 2024
Start date and time: Mon Mar 18 13:29:19 2024
Start date and time: Mon Mar 18 13:29:19 2024
Start date and time: Mon Mar 18 13:29:19 2024
Start date and time: Mon Mar 18 13:29:19 2024
Start date and time: Mon Mar 18 13:29:19 2024
Start date and time: Mon Mar 18 13:29:19 2024
Start date and time: Mon Mar 18 13:29:19 2024
Start date and time: Mon Mar 18 13:29:19 2024
Start date and time: Mon Mar 18 13:29:19 2024
Start date and time: Mon Mar 18 13:29:19 2024
Start date and time: Mon Mar 18 13:29:19 2024
Start date and time: Mon Mar 18 13:29:19 2024
Start date and time: Mon Mar 18 13:29:19 2024
Start date and time: Mon Mar 18 13:29:19 2024
Start date and time: Mon Mar 18 13:29:19 2024
Start date and time: Mon Mar 18 13:29:19 2024
Start date and time: Mon Mar 18 13:29:19 2024
Start date and time: Mon Mar 18 13:29:19 2024
Start date and time: Mon Mar 18 13:29:19 2024
Start date and time: Mon Mar 18 13:29:19 2024
Start date and time: Mon Mar 18 13:29:20 2024
Start date and time: Mon Mar 18 13:29:20 2024
Start date and time: Mon Mar 18 13:29:20 2024
Start date and time: Mon Mar 18 13:29:20 2024
Start date and time: Mon Mar 18 13:29:20 2024
Start date and time: Mon Mar 18 13:29:20 2024
Start date and time: Mon Mar 18 13:29:20 2024
Start date and time: Mon Mar 18 13:29:20 2024
Start date and time: Mon Mar 18 13:29:20 2024
Start date and time: Mon Mar 18 13:29:20 2024
Start date and time: Mon Mar 18 13:29:20 2024
Start date and time: Mon Mar 18 13:29:20 2024
Start date and time: Mon Mar 18 13:29:20 2024
Start date and time: Mon Mar 18 13:29:20 2024
Start date and time: Mon Mar 18 13:29:20 2024
Start date and time: Mon Mar 18 13:29:20 2024
Start date and time: Mon Mar 18 13:29:20 2024
Start date and time: Mon Mar 18 13:29:20 2024
Start date and time: Mon Mar 18 13:29:20 2024
Start date and time: Mon Mar 18 13:29:20 2024
Start date and time: Mon Mar 18 13:29:20 2024
Start date and time: Mon Mar 18 13:29:20 2024
Start date and time: Mon Mar 18 13:29:20 2024
Start date and time: Mon Mar 18 13:29:20 2024
Start date and time: Mon Mar 18 13:29:20 2024
Start date and time: Mon Mar 18 13:29:20 2024
Start date and time: Mon Mar 18 13:29:20 2024
Start date and time: Mon Mar 18 13:29:20 2024
Start date and time: Mon Mar 18 13:29:20 2024
Start date and time: Mon Mar 18 13:29:20 2024
Start date and time: Mon Mar 18 13:29:20 2024
Start date and time: Mon Mar 18 13:29:20 2024
Start date and time: Mon Mar 18 13:29:20 2024
Start date and time: Mon Mar 18 13:29:20 2024
Start date and time: Mon Mar 18 13:29:20 2024
Start date and time: Mon Mar 18 13:29:20 2024
Start date and time: Mon Mar 18 13:29:20 2024
Start date and time: Mon Mar 18 13:29:20 2024
Start date and time: Mon Mar 18 13:29:20 2024
Start date and time: Mon Mar 18 13:29:20 2024
Start date and time: Mon Mar 18 13:29:20 2024
Start date and time: Mon Mar 18 13:29:20 2024
Start date and time: Mon Mar 18 13:29:20 2024
Start date and time: Mon Mar 18 13:29:20 2024
Start date and time: Mon Mar 18 13:29:20 2024
Start date and time: Mon Mar 18 13:29:20 2024
Start date and time: Mon Mar 18 13:29:20 2024
Start date and time: Mon Mar 18 13:29:20 2024
Start date and time: Mon Mar 18 13:29:20 2024
Start date and time: Mon Mar 18 13:29:20 2024
Start date and time: Mon Mar 18 13:29:20 2024
Start date and time: Mon Mar 18 13:29:20 2024
Start date and time: Mon Mar 18 13:29:20 2024
Start date and time: Mon Mar 18 13:29:20 2024
Start date and time: Mon Mar 18 13:29:20 2024
Start date and time: Mon Mar 18 13:29:20 2024
Start date and time: Mon Mar 18 13:29:20 2024
Start date and time: Mon Mar 18 13:29:20 2024
Start date and time: Mon Mar 18 13:29:20 2024
Start date and time: Mon Mar 18 13:29:20 2024
Start date and time: Mon Mar 18 13:29:20 2024
Start date and time: Mon Mar 18 13:29:20 2024
Start date and time: Mon Mar 18 13:29:20 2024
Start date and time: Mon Mar 18 13:29:20 2024
Start date and time: Mon Mar 18 13:29:20 2024
Start date and time: Mon Mar 18 13:29:20 2024
Start date and time: Mon Mar 18 13:29:20 2024
Start date and time: Mon Mar 18 13:29:20 2024
Start date and time: Mon Mar 18 13:29:20 2024
Start date and time: Mon Mar 18 13:29:20 2024
Start date and time: Mon Mar 18 13:29:20 2024
Start date and time: Mon Mar 18 13:29:20 2024
Start date and time: Mon Mar 18 13:29:20 2024
Start date and time: Mon Mar 18 13:29:20 2024
Start date and time: Mon Mar 18 13:29:20 2024
Start date and time: Mon Mar 18 13:29:20 2024
Start date and time: Mon Mar 18 13:29:20 2024
Start date and time: Mon Mar 18 13:29:20 2024
Start date and time: Mon Mar 18 13:29:20 2024
Start date and time: Mon Mar 18 13:29:20 2024
Start date and time: Mon Mar 18 13:29:20 2024
Start date and time: Mon Mar 18 13:29:20 2024
Start date and time: Mon Mar 18 13:29:20 2024
Start date and time: Mon Mar 18 13:29:20 2024
Start date and time: Mon Mar 18 13:29:20 2024
Start date and time: Mon Mar 18 13:29:20 2024
Start date and time: Mon Mar 18 13:29:20 2024
Start date and time: Mon Mar 18 13:29:20 2024
Start date and time: Mon Mar 18 13:29:20 2024
Start date and time: Mon Mar 18 13:29:20 2024
Start date and time: Mon Mar 18 13:29:20 2024
Start date and time: Mon Mar 18 13:29:20 2024
Start date and time: Mon Mar 18 13:29:20 2024
Start date and time: Mon Mar 18 13:29:20 2024
Start date and time: Mon Mar 18 13:29:20 2024
Start date and time: Mon Mar 18 13:29:20 2024
Started main at : Mon Mar 18 13:29:40 2024
/LUMI_TYKKY_lpQ1Wtj/miniconda/envs/env1/lib/python3.12/site-packages/cupyx/jit/_interface.py:173: FutureWarning: cupyx.jit.rawkernel is experimental. The interface can change in the future.
  cupy._util.experimental('cupyx.jit.rawkernel')
/LUMI_TYKKY_lpQ1Wtj/miniconda/envs/env1/lib/python3.12/site-packages/cupyx/jit/_interface.py:173: FutureWarning: cupyx.jit.rawkernel is experimental. The interface can change in the future.
  cupy._util.experimental('cupyx.jit.rawkernel')
/LUMI_TYKKY_lpQ1Wtj/miniconda/envs/env1/lib/python3.12/site-packages/cupyx/jit/_interface.py:173: FutureWarning: cupyx.jit.rawkernel is experimental. The interface can change in the future.
  cupy._util.experimental('cupyx.jit.rawkernel')
/LUMI_TYKKY_lpQ1Wtj/miniconda/envs/env1/lib/python3.12/site-packages/cupyx/jit/_interface.py:173: FutureWarning: cupyx.jit.rawkernel is experimental. The interface can change in the future.
  cupy._util.experimental('cupyx.jit.rawkernel')
/LUMI_TYKKY_lpQ1Wtj/miniconda/envs/env1/lib/python3.12/site-packages/cupyx/jit/_interface.py:173: FutureWarning: cupyx.jit.rawkernel is experimental. The interface can change in the future.
  cupy._util.experimental('cupyx.jit.rawkernel')
/LUMI_TYKKY_lpQ1Wtj/miniconda/envs/env1/lib/python3.12/site-packages/cupyx/jit/_interface.py:173: FutureWarning: cupyx.jit.rawkernel is experimental. The interface can change in the future.
  cupy._util.experimental('cupyx.jit.rawkernel')
/LUMI_TYKKY_lpQ1Wtj/miniconda/envs/env1/lib/python3.12/site-packages/cupyx/jit/_interface.py:173: FutureWarning: cupyx.jit.rawkernel is experimental. The interface can change in the future.
  cupy._util.experimental('cupyx.jit.rawkernel')
/LUMI_TYKKY_lpQ1Wtj/miniconda/envs/env1/lib/python3.12/site-packages/cupyx/jit/_interface.py:173: FutureWarning: cupyx.jit.rawkernel is experimental. The interface can change in the future.
  cupy._util.experimental('cupyx.jit.rawkernel')
/LUMI_TYKKY_lpQ1Wtj/miniconda/envs/env1/lib/python3.12/site-packages/cupyx/jit/_interface.py:173: FutureWarning: cupyx.jit.rawkernel is experimental. The interface can change in the future.
  cupy._util.experimental('cupyx.jit.rawkernel')
/LUMI_TYKKY_lpQ1Wtj/miniconda/envs/env1/lib/python3.12/site-packages/cupyx/jit/_interface.py:173: FutureWarning: cupyx.jit.rawkernel is experimental. The interface can change in the future.
  cupy._util.experimental('cupyx.jit.rawkernel')
/LUMI_TYKKY_lpQ1Wtj/miniconda/envs/env1/lib/python3.12/site-packages/cupyx/jit/_interface.py:173: FutureWarning: cupyx.jit.rawkernel is experimental. The interface can change in the future.
  cupy._util.experimental('cupyx.jit.rawkernel')
/LUMI_TYKKY_lpQ1Wtj/miniconda/envs/env1/lib/python3.12/site-packages/cupyx/jit/_interface.py:173: FutureWarning: cupyx.jit.rawkernel is experimental. The interface can change in the future.
  cupy._util.experimental('cupyx.jit.rawkernel')
/LUMI_TYKKY_lpQ1Wtj/miniconda/envs/env1/lib/python3.12/site-packages/cupyx/jit/_interface.py:173: FutureWarning: cupyx.jit.rawkernel is experimental. The interface can change in the future.
  cupy._util.experimental('cupyx.jit.rawkernel')
/LUMI_TYKKY_lpQ1Wtj/miniconda/envs/env1/lib/python3.12/site-packages/cupyx/jit/_interface.py:173: FutureWarning: cupyx.jit.rawkernel is experimental. The interface can change in the future.
  cupy._util.experimental('cupyx.jit.rawkernel')
/LUMI_TYKKY_lpQ1Wtj/miniconda/envs/env1/lib/python3.12/site-packages/cupyx/jit/_interface.py:173: FutureWarning: cupyx.jit.rawkernel is experimental. The interface can change in the future.
  cupy._util.experimental('cupyx.jit.rawkernel')
/LUMI_TYKKY_lpQ1Wtj/miniconda/envs/env1/lib/python3.12/site-packages/cupyx/jit/_interface.py:173: FutureWarning: cupyx.jit.rawkernel is experimental. The interface can change in the future.
  cupy._util.experimental('cupyx.jit.rawkernel')
/LUMI_TYKKY_lpQ1Wtj/miniconda/envs/env1/lib/python3.12/site-packages/cupyx/jit/_interface.py:173: FutureWarning: cupyx.jit.rawkernel is experimental. The interface can change in the future.
  cupy._util.experimental('cupyx.jit.rawkernel')
/LUMI_TYKKY_lpQ1Wtj/miniconda/envs/env1/lib/python3.12/site-packages/cupyx/jit/_interface.py:173: FutureWarning: cupyx.jit.rawkernel is experimental. The interface can change in the future.
  cupy._util.experimental('cupyx.jit.rawkernel')
/LUMI_TYKKY_lpQ1Wtj/miniconda/envs/env1/lib/python3.12/site-packages/cupyx/jit/_interface.py:173: FutureWarning: cupyx.jit.rawkernel is experimental. The interface can change in the future.
  cupy._util.experimental('cupyx.jit.rawkernel')
/LUMI_TYKKY_lpQ1Wtj/miniconda/envs/env1/lib/python3.12/site-packages/cupyx/jit/_interface.py:173: FutureWarning: cupyx.jit.rawkernel is experimental. The interface can change in the future.
  cupy._util.experimental('cupyx.jit.rawkernel')
/LUMI_TYKKY_lpQ1Wtj/miniconda/envs/env1/lib/python3.12/site-packages/cupyx/jit/_interface.py:173: FutureWarning: cupyx.jit.rawkernel is experimental. The interface can change in the future.
  cupy._util.experimental('cupyx.jit.rawkernel')
/LUMI_TYKKY_lpQ1Wtj/miniconda/envs/env1/lib/python3.12/site-packages/cupyx/jit/_interface.py:173: FutureWarning: cupyx.jit.rawkernel is experimental. The interface can change in the future.
  cupy._util.experimental('cupyx.jit.rawkernel')
/LUMI_TYKKY_lpQ1Wtj/miniconda/envs/env1/lib/python3.12/site-packages/cupyx/jit/_interface.py:173: FutureWarning: cupyx.jit.rawkernel is experimental. The interface can change in the future.
  cupy._util.experimental('cupyx.jit.rawkernel')
/LUMI_TYKKY_lpQ1Wtj/miniconda/envs/env1/lib/python3.12/site-packages/cupyx/jit/_interface.py:173: FutureWarning: cupyx.jit.rawkernel is experimental. The interface can change in the future.
  cupy._util.experimental('cupyx.jit.rawkernel')
/LUMI_TYKKY_lpQ1Wtj/miniconda/envs/env1/lib/python3.12/site-packages/cupyx/jit/_interface.py:173: FutureWarning: cupyx.jit.rawkernel is experimental. The interface can change in the future.
  cupy._util.experimental('cupyx.jit.rawkernel')
/LUMI_TYKKY_lpQ1Wtj/miniconda/envs/env1/lib/python3.12/site-packages/cupyx/jit/_interface.py:173: FutureWarning: cupyx.jit.rawkernel is experimental. The interface can change in the future.
  cupy._util.experimental('cupyx.jit.rawkernel')
/LUMI_TYKKY_lpQ1Wtj/miniconda/envs/env1/lib/python3.12/site-packages/cupyx/jit/_interface.py:173: FutureWarning: cupyx.jit.rawkernel is experimental. The interface can change in the future.
  cupy._util.experimental('cupyx.jit.rawkernel')
/LUMI_TYKKY_lpQ1Wtj/miniconda/envs/env1/lib/python3.12/site-packages/cupyx/jit/_interface.py:173: FutureWarning: cupyx.jit.rawkernel is experimental. The interface can change in the future.
  cupy._util.experimental('cupyx.jit.rawkernel')
/LUMI_TYKKY_lpQ1Wtj/miniconda/envs/env1/lib/python3.12/site-packages/cupyx/jit/_interface.py:173: FutureWarning: cupyx.jit.rawkernel is experimental. The interface can change in the future.
  cupy._util.experimental('cupyx.jit.rawkernel')
/LUMI_TYKKY_lpQ1Wtj/miniconda/envs/env1/lib/python3.12/site-packages/cupyx/jit/_interface.py:173: FutureWarning: cupyx.jit.rawkernel is experimental. The interface can change in the future.
  cupy._util.experimental('cupyx.jit.rawkernel')
/LUMI_TYKKY_lpQ1Wtj/miniconda/envs/env1/lib/python3.12/site-packages/cupyx/jit/_interface.py:173: FutureWarning: cupyx.jit.rawkernel is experimental. The interface can change in the future.
  cupy._util.experimental('cupyx.jit.rawkernel')
/LUMI_TYKKY_lpQ1Wtj/miniconda/envs/env1/lib/python3.12/site-packages/cupyx/jit/_interface.py:173: FutureWarning: cupyx.jit.rawkernel is experimental. The interface can change in the future.
  cupy._util.experimental('cupyx.jit.rawkernel')
/LUMI_TYKKY_lpQ1Wtj/miniconda/envs/env1/lib/python3.12/site-packages/cupyx/jit/_interface.py:173: FutureWarning: cupyx.jit.rawkernel is experimental. The interface can change in the future.
  cupy._util.experimental('cupyx.jit.rawkernel')
/LUMI_TYKKY_lpQ1Wtj/miniconda/envs/env1/lib/python3.12/site-packages/cupyx/jit/_interface.py:173: FutureWarning: cupyx.jit.rawkernel is experimental. The interface can change in the future.
  cupy._util.experimental('cupyx.jit.rawkernel')
/LUMI_TYKKY_lpQ1Wtj/miniconda/envs/env1/lib/python3.12/site-packages/cupyx/jit/_interface.py:173: FutureWarning: cupyx.jit.rawkernel is experimental. The interface can change in the future.
  cupy._util.experimental('cupyx.jit.rawkernel')
/LUMI_TYKKY_lpQ1Wtj/miniconda/envs/env1/lib/python3.12/site-packages/cupyx/jit/_interface.py:173: FutureWarning: cupyx.jit.rawkernel is experimental. The interface can change in the future.
  cupy._util.experimental('cupyx.jit.rawkernel')
/LUMI_TYKKY_lpQ1Wtj/miniconda/envs/env1/lib/python3.12/site-packages/cupyx/jit/_interface.py:173: FutureWarning: cupyx.jit.rawkernel is experimental. The interface can change in the future.
  cupy._util.experimental('cupyx.jit.rawkernel')
/LUMI_TYKKY_lpQ1Wtj/miniconda/envs/env1/lib/python3.12/site-packages/cupyx/jit/_interface.py:173: FutureWarning: cupyx.jit.rawkernel is experimental. The interface can change in the future.
  cupy._util.experimental('cupyx.jit.rawkernel')
/LUMI_TYKKY_lpQ1Wtj/miniconda/envs/env1/lib/python3.12/site-packages/cupyx/jit/_interface.py:173: FutureWarning: cupyx.jit.rawkernel is experimental. The interface can change in the future.
  cupy._util.experimental('cupyx.jit.rawkernel')
/LUMI_TYKKY_lpQ1Wtj/miniconda/envs/env1/lib/python3.12/site-packages/cupyx/jit/_interface.py:173: FutureWarning: cupyx.jit.rawkernel is experimental. The interface can change in the future.
  cupy._util.experimental('cupyx.jit.rawkernel')
/LUMI_TYKKY_lpQ1Wtj/miniconda/envs/env1/lib/python3.12/site-packages/cupyx/jit/_interface.py:173: FutureWarning: cupyx.jit.rawkernel is experimental. The interface can change in the future.
  cupy._util.experimental('cupyx.jit.rawkernel')
/LUMI_TYKKY_lpQ1Wtj/miniconda/envs/env1/lib/python3.12/site-packages/cupyx/jit/_interface.py:173: FutureWarning: cupyx.jit.rawkernel is experimental. The interface can change in the future.
  cupy._util.experimental('cupyx.jit.rawkernel')
/LUMI_TYKKY_lpQ1Wtj/miniconda/envs/env1/lib/python3.12/site-packages/cupyx/jit/_interface.py:173: FutureWarning: cupyx.jit.rawkernel is experimental. The interface can change in the future.
  cupy._util.experimental('cupyx.jit.rawkernel')
/LUMI_TYKKY_lpQ1Wtj/miniconda/envs/env1/lib/python3.12/site-packages/cupyx/jit/_interface.py:173: FutureWarning: cupyx.jit.rawkernel is experimental. The interface can change in the future.
  cupy._util.experimental('cupyx.jit.rawkernel')
/LUMI_TYKKY_lpQ1Wtj/miniconda/envs/env1/lib/python3.12/site-packages/cupyx/jit/_interface.py:173: FutureWarning: cupyx.jit.rawkernel is experimental. The interface can change in the future.
  cupy._util.experimental('cupyx.jit.rawkernel')
/LUMI_TYKKY_lpQ1Wtj/miniconda/envs/env1/lib/python3.12/site-packages/cupyx/jit/_interface.py:173: FutureWarning: cupyx.jit.rawkernel is experimental. The interface can change in the future.
  cupy._util.experimental('cupyx.jit.rawkernel')
/LUMI_TYKKY_lpQ1Wtj/miniconda/envs/env1/lib/python3.12/site-packages/cupyx/jit/_interface.py:173: FutureWarning: cupyx.jit.rawkernel is experimental. The interface can change in the future.
  cupy._util.experimental('cupyx.jit.rawkernel')
/LUMI_TYKKY_lpQ1Wtj/miniconda/envs/env1/lib/python3.12/site-packages/cupyx/jit/_interface.py:173: FutureWarning: cupyx.jit.rawkernel is experimental. The interface can change in the future.
  cupy._util.experimental('cupyx.jit.rawkernel')
/LUMI_TYKKY_lpQ1Wtj/miniconda/envs/env1/lib/python3.12/site-packages/cupyx/jit/_interface.py:173: FutureWarning: cupyx.jit.rawkernel is experimental. The interface can change in the future.
  cupy._util.experimental('cupyx.jit.rawkernel')
/LUMI_TYKKY_lpQ1Wtj/miniconda/envs/env1/lib/python3.12/site-packages/cupyx/jit/_interface.py:173: FutureWarning: cupyx.jit.rawkernel is experimental. The interface can change in the future.
  cupy._util.experimental('cupyx.jit.rawkernel')
/LUMI_TYKKY_lpQ1Wtj/miniconda/envs/env1/lib/python3.12/site-packages/cupyx/jit/_interface.py:173: FutureWarning: cupyx.jit.rawkernel is experimental. The interface can change in the future.
  cupy._util.experimental('cupyx.jit.rawkernel')
/LUMI_TYKKY_lpQ1Wtj/miniconda/envs/env1/lib/python3.12/site-packages/cupyx/jit/_interface.py:173: FutureWarning: cupyx.jit.rawkernel is experimental. The interface can change in the future.
  cupy._util.experimental('cupyx.jit.rawkernel')
/LUMI_TYKKY_lpQ1Wtj/miniconda/envs/env1/lib/python3.12/site-packages/cupyx/jit/_interface.py:173: FutureWarning: cupyx.jit.rawkernel is experimental. The interface can change in the future.
  cupy._util.experimental('cupyx.jit.rawkernel')
/LUMI_TYKKY_lpQ1Wtj/miniconda/envs/env1/lib/python3.12/site-packages/cupyx/jit/_interface.py:173: FutureWarning: cupyx.jit.rawkernel is experimental. The interface can change in the future.
  cupy._util.experimental('cupyx.jit.rawkernel')
/LUMI_TYKKY_lpQ1Wtj/miniconda/envs/env1/lib/python3.12/site-packages/cupyx/jit/_interface.py:173: FutureWarning: cupyx.jit.rawkernel is experimental. The interface can change in the future.
  cupy._util.experimental('cupyx.jit.rawkernel')
/LUMI_TYKKY_lpQ1Wtj/miniconda/envs/env1/lib/python3.12/site-packages/cupyx/jit/_interface.py:173: FutureWarning: cupyx.jit.rawkernel is experimental. The interface can change in the future.
  cupy._util.experimental('cupyx.jit.rawkernel')
/LUMI_TYKKY_lpQ1Wtj/miniconda/envs/env1/lib/python3.12/site-packages/cupyx/jit/_interface.py:173: FutureWarning: cupyx.jit.rawkernel is experimental. The interface can change in the future.
  cupy._util.experimental('cupyx.jit.rawkernel')
/LUMI_TYKKY_lpQ1Wtj/miniconda/envs/env1/lib/python3.12/site-packages/cupyx/jit/_interface.py:173: FutureWarning: cupyx.jit.rawkernel is experimental. The interface can change in the future.
  cupy._util.experimental('cupyx.jit.rawkernel')
/LUMI_TYKKY_lpQ1Wtj/miniconda/envs/env1/lib/python3.12/site-packages/cupyx/jit/_interface.py:173: FutureWarning: cupyx.jit.rawkernel is experimental. The interface can change in the future.
  cupy._util.experimental('cupyx.jit.rawkernel')
/LUMI_TYKKY_lpQ1Wtj/miniconda/envs/env1/lib/python3.12/site-packages/cupyx/jit/_interface.py:173: FutureWarning: cupyx.jit.rawkernel is experimental. The interface can change in the future.
  cupy._util.experimental('cupyx.jit.rawkernel')
/LUMI_TYKKY_lpQ1Wtj/miniconda/envs/env1/lib/python3.12/site-packages/cupyx/jit/_interface.py:173: FutureWarning: cupyx.jit.rawkernel is experimental. The interface can change in the future.
  cupy._util.experimental('cupyx.jit.rawkernel')
/LUMI_TYKKY_lpQ1Wtj/miniconda/envs/env1/lib/python3.12/site-packages/cupyx/jit/_interface.py:173: FutureWarning: cupyx.jit.rawkernel is experimental. The interface can change in the future.
  cupy._util.experimental('cupyx.jit.rawkernel')
/LUMI_TYKKY_lpQ1Wtj/miniconda/envs/env1/lib/python3.12/site-packages/cupyx/jit/_interface.py:173: FutureWarning: cupyx.jit.rawkernel is experimental. The interface can change in the future.
  cupy._util.experimental('cupyx.jit.rawkernel')
/LUMI_TYKKY_lpQ1Wtj/miniconda/envs/env1/lib/python3.12/site-packages/cupyx/jit/_interface.py:173: FutureWarning: cupyx.jit.rawkernel is experimental. The interface can change in the future.
  cupy._util.experimental('cupyx.jit.rawkernel')
/LUMI_TYKKY_lpQ1Wtj/miniconda/envs/env1/lib/python3.12/site-packages/cupyx/jit/_interface.py:173: FutureWarning: cupyx.jit.rawkernel is experimental. The interface can change in the future.
  cupy._util.experimental('cupyx.jit.rawkernel')
/LUMI_TYKKY_lpQ1Wtj/miniconda/envs/env1/lib/python3.12/site-packages/cupyx/jit/_interface.py:173: FutureWarning: cupyx.jit.rawkernel is experimental. The interface can change in the future.
  cupy._util.experimental('cupyx.jit.rawkernel')
/LUMI_TYKKY_lpQ1Wtj/miniconda/envs/env1/lib/python3.12/site-packages/cupyx/jit/_interface.py:173: FutureWarning: cupyx.jit.rawkernel is experimental. The interface can change in the future.
  cupy._util.experimental('cupyx.jit.rawkernel')
/LUMI_TYKKY_lpQ1Wtj/miniconda/envs/env1/lib/python3.12/site-packages/cupyx/jit/_interface.py:173: FutureWarning: cupyx.jit.rawkernel is experimental. The interface can change in the future.
  cupy._util.experimental('cupyx.jit.rawkernel')
/LUMI_TYKKY_lpQ1Wtj/miniconda/envs/env1/lib/python3.12/site-packages/cupyx/jit/_interface.py:173: FutureWarning: cupyx.jit.rawkernel is experimental. The interface can change in the future.
  cupy._util.experimental('cupyx.jit.rawkernel')
/LUMI_TYKKY_lpQ1Wtj/miniconda/envs/env1/lib/python3.12/site-packages/cupyx/jit/_interface.py:173: FutureWarning: cupyx.jit.rawkernel is experimental. The interface can change in the future.
  cupy._util.experimental('cupyx.jit.rawkernel')
/LUMI_TYKKY_lpQ1Wtj/miniconda/envs/env1/lib/python3.12/site-packages/cupyx/jit/_interface.py:173: FutureWarning: cupyx.jit.rawkernel is experimental. The interface can change in the future.
  cupy._util.experimental('cupyx.jit.rawkernel')
/LUMI_TYKKY_lpQ1Wtj/miniconda/envs/env1/lib/python3.12/site-packages/cupyx/jit/_interface.py:173: FutureWarning: cupyx.jit.rawkernel is experimental. The interface can change in the future.
  cupy._util.experimental('cupyx.jit.rawkernel')
/LUMI_TYKKY_lpQ1Wtj/miniconda/envs/env1/lib/python3.12/site-packages/cupyx/jit/_interface.py:173: FutureWarning: cupyx.jit.rawkernel is experimental. The interface can change in the future.
  cupy._util.experimental('cupyx.jit.rawkernel')
/LUMI_TYKKY_lpQ1Wtj/miniconda/envs/env1/lib/python3.12/site-packages/cupyx/jit/_interface.py:173: FutureWarning: cupyx.jit.rawkernel is experimental. The interface can change in the future.
  cupy._util.experimental('cupyx.jit.rawkernel')
/LUMI_TYKKY_lpQ1Wtj/miniconda/envs/env1/lib/python3.12/site-packages/cupyx/jit/_interface.py:173: FutureWarning: cupyx.jit.rawkernel is experimental. The interface can change in the future.
  cupy._util.experimental('cupyx.jit.rawkernel')
/LUMI_TYKKY_lpQ1Wtj/miniconda/envs/env1/lib/python3.12/site-packages/cupyx/jit/_interface.py:173: FutureWarning: cupyx.jit.rawkernel is experimental. The interface can change in the future.
  cupy._util.experimental('cupyx.jit.rawkernel')
/LUMI_TYKKY_lpQ1Wtj/miniconda/envs/env1/lib/python3.12/site-packages/cupyx/jit/_interface.py:173: FutureWarning: cupyx.jit.rawkernel is experimental. The interface can change in the future.
  cupy._util.experimental('cupyx.jit.rawkernel')
/LUMI_TYKKY_lpQ1Wtj/miniconda/envs/env1/lib/python3.12/site-packages/cupyx/jit/_interface.py:173: FutureWarning: cupyx.jit.rawkernel is experimental. The interface can change in the future.
  cupy._util.experimental('cupyx.jit.rawkernel')
/LUMI_TYKKY_lpQ1Wtj/miniconda/envs/env1/lib/python3.12/site-packages/cupyx/jit/_interface.py:173: FutureWarning: cupyx.jit.rawkernel is experimental. The interface can change in the future.
  cupy._util.experimental('cupyx.jit.rawkernel')
/LUMI_TYKKY_lpQ1Wtj/miniconda/envs/env1/lib/python3.12/site-packages/cupyx/jit/_interface.py:173: FutureWarning: cupyx.jit.rawkernel is experimental. The interface can change in the future.
  cupy._util.experimental('cupyx.jit.rawkernel')
/LUMI_TYKKY_lpQ1Wtj/miniconda/envs/env1/lib/python3.12/site-packages/cupyx/jit/_interface.py:173: FutureWarning: cupyx.jit.rawkernel is experimental. The interface can change in the future.
  cupy._util.experimental('cupyx.jit.rawkernel')
/LUMI_TYKKY_lpQ1Wtj/miniconda/envs/env1/lib/python3.12/site-packages/cupyx/jit/_interface.py:173: FutureWarning: cupyx.jit.rawkernel is experimental. The interface can change in the future.
  cupy._util.experimental('cupyx.jit.rawkernel')
/LUMI_TYKKY_lpQ1Wtj/miniconda/envs/env1/lib/python3.12/site-packages/cupyx/jit/_interface.py:173: FutureWarning: cupyx.jit.rawkernel is experimental. The interface can change in the future.
  cupy._util.experimental('cupyx.jit.rawkernel')
/LUMI_TYKKY_lpQ1Wtj/miniconda/envs/env1/lib/python3.12/site-packages/cupyx/jit/_interface.py:173: FutureWarning: cupyx.jit.rawkernel is experimental. The interface can change in the future.
  cupy._util.experimental('cupyx.jit.rawkernel')
/LUMI_TYKKY_lpQ1Wtj/miniconda/envs/env1/lib/python3.12/site-packages/cupyx/jit/_interface.py:173: FutureWarning: cupyx.jit.rawkernel is experimental. The interface can change in the future.
  cupy._util.experimental('cupyx.jit.rawkernel')
/LUMI_TYKKY_lpQ1Wtj/miniconda/envs/env1/lib/python3.12/site-packages/cupyx/jit/_interface.py:173: FutureWarning: cupyx.jit.rawkernel is experimental. The interface can change in the future.
  cupy._util.experimental('cupyx.jit.rawkernel')
/LUMI_TYKKY_lpQ1Wtj/miniconda/envs/env1/lib/python3.12/site-packages/cupyx/jit/_interface.py:173: FutureWarning: cupyx.jit.rawkernel is experimental. The interface can change in the future.
  cupy._util.experimental('cupyx.jit.rawkernel')
/LUMI_TYKKY_lpQ1Wtj/miniconda/envs/env1/lib/python3.12/site-packages/cupyx/jit/_interface.py:173: FutureWarning: cupyx.jit.rawkernel is experimental. The interface can change in the future.
  cupy._util.experimental('cupyx.jit.rawkernel')
/LUMI_TYKKY_lpQ1Wtj/miniconda/envs/env1/lib/python3.12/site-packages/cupyx/jit/_interface.py:173: FutureWarning: cupyx.jit.rawkernel is experimental. The interface can change in the future.
  cupy._util.experimental('cupyx.jit.rawkernel')
/LUMI_TYKKY_lpQ1Wtj/miniconda/envs/env1/lib/python3.12/site-packages/cupyx/jit/_interface.py:173: FutureWarning: cupyx.jit.rawkernel is experimental. The interface can change in the future.
  cupy._util.experimental('cupyx.jit.rawkernel')
/LUMI_TYKKY_lpQ1Wtj/miniconda/envs/env1/lib/python3.12/site-packages/cupyx/jit/_interface.py:173: FutureWarning: cupyx.jit.rawkernel is experimental. The interface can change in the future.
  cupy._util.experimental('cupyx.jit.rawkernel')
/LUMI_TYKKY_lpQ1Wtj/miniconda/envs/env1/lib/python3.12/site-packages/cupyx/jit/_interface.py:173: FutureWarning: cupyx.jit.rawkernel is experimental. The interface can change in the future.
  cupy._util.experimental('cupyx.jit.rawkernel')
/LUMI_TYKKY_lpQ1Wtj/miniconda/envs/env1/lib/python3.12/site-packages/cupyx/jit/_interface.py:173: FutureWarning: cupyx.jit.rawkernel is experimental. The interface can change in the future.
  cupy._util.experimental('cupyx.jit.rawkernel')
/LUMI_TYKKY_lpQ1Wtj/miniconda/envs/env1/lib/python3.12/site-packages/cupyx/jit/_interface.py:173: FutureWarning: cupyx.jit.rawkernel is experimental. The interface can change in the future.
  cupy._util.experimental('cupyx.jit.rawkernel')
/LUMI_TYKKY_lpQ1Wtj/miniconda/envs/env1/lib/python3.12/site-packages/cupyx/jit/_interface.py:173: FutureWarning: cupyx.jit.rawkernel is experimental. The interface can change in the future.
  cupy._util.experimental('cupyx.jit.rawkernel')
/LUMI_TYKKY_lpQ1Wtj/miniconda/envs/env1/lib/python3.12/site-packages/cupyx/jit/_interface.py:173: FutureWarning: cupyx.jit.rawkernel is experimental. The interface can change in the future.
  cupy._util.experimental('cupyx.jit.rawkernel')
/LUMI_TYKKY_lpQ1Wtj/miniconda/envs/env1/lib/python3.12/site-packages/cupyx/jit/_interface.py:173: FutureWarning: cupyx.jit.rawkernel is experimental. The interface can change in the future.
  cupy._util.experimental('cupyx.jit.rawkernel')
/LUMI_TYKKY_lpQ1Wtj/miniconda/envs/env1/lib/python3.12/site-packages/cupyx/jit/_interface.py:173: FutureWarning: cupyx.jit.rawkernel is experimental. The interface can change in the future.
  cupy._util.experimental('cupyx.jit.rawkernel')
/LUMI_TYKKY_lpQ1Wtj/miniconda/envs/env1/lib/python3.12/site-packages/cupyx/jit/_interface.py:173: FutureWarning: cupyx.jit.rawkernel is experimental. The interface can change in the future.
  cupy._util.experimental('cupyx.jit.rawkernel')
/LUMI_TYKKY_lpQ1Wtj/miniconda/envs/env1/lib/python3.12/site-packages/cupyx/jit/_interface.py:173: FutureWarning: cupyx.jit.rawkernel is experimental. The interface can change in the future.
  cupy._util.experimental('cupyx.jit.rawkernel')
/LUMI_TYKKY_lpQ1Wtj/miniconda/envs/env1/lib/python3.12/site-packages/cupyx/jit/_interface.py:173: FutureWarning: cupyx.jit.rawkernel is experimental. The interface can change in the future.
  cupy._util.experimental('cupyx.jit.rawkernel')
/LUMI_TYKKY_lpQ1Wtj/miniconda/envs/env1/lib/python3.12/site-packages/cupyx/jit/_interface.py:173: FutureWarning: cupyx.jit.rawkernel is experimental. The interface can change in the future.
  cupy._util.experimental('cupyx.jit.rawkernel')
/LUMI_TYKKY_lpQ1Wtj/miniconda/envs/env1/lib/python3.12/site-packages/cupyx/jit/_interface.py:173: FutureWarning: cupyx.jit.rawkernel is experimental. The interface can change in the future.
  cupy._util.experimental('cupyx.jit.rawkernel')
/LUMI_TYKKY_lpQ1Wtj/miniconda/envs/env1/lib/python3.12/site-packages/cupyx/jit/_interface.py:173: FutureWarning: cupyx.jit.rawkernel is experimental. The interface can change in the future.
  cupy._util.experimental('cupyx.jit.rawkernel')
/LUMI_TYKKY_lpQ1Wtj/miniconda/envs/env1/lib/python3.12/site-packages/cupyx/jit/_interface.py:173: FutureWarning: cupyx.jit.rawkernel is experimental. The interface can change in the future.
  cupy._util.experimental('cupyx.jit.rawkernel')
/LUMI_TYKKY_lpQ1Wtj/miniconda/envs/env1/lib/python3.12/site-packages/cupyx/jit/_interface.py:173: FutureWarning: cupyx.jit.rawkernel is experimental. The interface can change in the future.
  cupy._util.experimental('cupyx.jit.rawkernel')
/LUMI_TYKKY_lpQ1Wtj/miniconda/envs/env1/lib/python3.12/site-packages/cupyx/jit/_interface.py:173: FutureWarning: cupyx.jit.rawkernel is experimental. The interface can change in the future.
  cupy._util.experimental('cupyx.jit.rawkernel')
/LUMI_TYKKY_lpQ1Wtj/miniconda/envs/env1/lib/python3.12/site-packages/cupyx/jit/_interface.py:173: FutureWarning: cupyx.jit.rawkernel is experimental. The interface can change in the future.
  cupy._util.experimental('cupyx.jit.rawkernel')
/LUMI_TYKKY_lpQ1Wtj/miniconda/envs/env1/lib/python3.12/site-packages/cupyx/jit/_interface.py:173: FutureWarning: cupyx.jit.rawkernel is experimental. The interface can change in the future.
  cupy._util.experimental('cupyx.jit.rawkernel')
/LUMI_TYKKY_lpQ1Wtj/miniconda/envs/env1/lib/python3.12/site-packages/cupyx/jit/_interface.py:173: FutureWarning: cupyx.jit.rawkernel is experimental. The interface can change in the future.
  cupy._util.experimental('cupyx.jit.rawkernel')
/LUMI_TYKKY_lpQ1Wtj/miniconda/envs/env1/lib/python3.12/site-packages/cupyx/jit/_interface.py:173: FutureWarning: cupyx.jit.rawkernel is experimental. The interface can change in the future.
  cupy._util.experimental('cupyx.jit.rawkernel')
/LUMI_TYKKY_lpQ1Wtj/miniconda/envs/env1/lib/python3.12/site-packages/cupyx/jit/_interface.py:173: FutureWarning: cupyx.jit.rawkernel is experimental. The interface can change in the future.
  cupy._util.experimental('cupyx.jit.rawkernel')
/LUMI_TYKKY_lpQ1Wtj/miniconda/envs/env1/lib/python3.12/site-packages/cupyx/jit/_interface.py:173: FutureWarning: cupyx.jit.rawkernel is experimental. The interface can change in the future.
  cupy._util.experimental('cupyx.jit.rawkernel')
/LUMI_TYKKY_lpQ1Wtj/miniconda/envs/env1/lib/python3.12/site-packages/cupyx/jit/_interface.py:173: FutureWarning: cupyx.jit.rawkernel is experimental. The interface can change in the future.
  cupy._util.experimental('cupyx.jit.rawkernel')
/LUMI_TYKKY_lpQ1Wtj/miniconda/envs/env1/lib/python3.12/site-packages/cupyx/jit/_interface.py:173: FutureWarning: cupyx.jit.rawkernel is experimental. The interface can change in the future.
  cupy._util.experimental('cupyx.jit.rawkernel')
/LUMI_TYKKY_lpQ1Wtj/miniconda/envs/env1/lib/python3.12/site-packages/cupyx/jit/_interface.py:173: FutureWarning: cupyx.jit.rawkernel is experimental. The interface can change in the future.
  cupy._util.experimental('cupyx.jit.rawkernel')
/LUMI_TYKKY_lpQ1Wtj/miniconda/envs/env1/lib/python3.12/site-packages/cupyx/jit/_interface.py:173: FutureWarning: cupyx.jit.rawkernel is experimental. The interface can change in the future.
  cupy._util.experimental('cupyx.jit.rawkernel')
/LUMI_TYKKY_lpQ1Wtj/miniconda/envs/env1/lib/python3.12/site-packages/cupyx/jit/_interface.py:173: FutureWarning: cupyx.jit.rawkernel is experimental. The interface can change in the future.
  cupy._util.experimental('cupyx.jit.rawkernel')
/LUMI_TYKKY_lpQ1Wtj/miniconda/envs/env1/lib/python3.12/site-packages/cupyx/jit/_interface.py:173: FutureWarning: cupyx.jit.rawkernel is experimental. The interface can change in the future.
  cupy._util.experimental('cupyx.jit.rawkernel')
/LUMI_TYKKY_lpQ1Wtj/miniconda/envs/env1/lib/python3.12/site-packages/cupyx/jit/_interface.py:173: FutureWarning: cupyx.jit.rawkernel is experimental. The interface can change in the future.
  cupy._util.experimental('cupyx.jit.rawkernel')
/LUMI_TYKKY_lpQ1Wtj/miniconda/envs/env1/lib/python3.12/site-packages/cupyx/jit/_interface.py:173: FutureWarning: cupyx.jit.rawkernel is experimental. The interface can change in the future.
  cupy._util.experimental('cupyx.jit.rawkernel')
/LUMI_TYKKY_lpQ1Wtj/miniconda/envs/env1/lib/python3.12/site-packages/cupyx/jit/_interface.py:173: FutureWarning: cupyx.jit.rawkernel is experimental. The interface can change in the future.
  cupy._util.experimental('cupyx.jit.rawkernel')
/LUMI_TYKKY_lpQ1Wtj/miniconda/envs/env1/lib/python3.12/site-packages/cupyx/jit/_interface.py:173: FutureWarning: cupyx.jit.rawkernel is experimental. The interface can change in the future.
  cupy._util.experimental('cupyx.jit.rawkernel')
/LUMI_TYKKY_lpQ1Wtj/miniconda/envs/env1/lib/python3.12/site-packages/cupyx/jit/_interface.py:173: FutureWarning: cupyx.jit.rawkernel is experimental. The interface can change in the future.
  cupy._util.experimental('cupyx.jit.rawkernel')
/LUMI_TYKKY_lpQ1Wtj/miniconda/envs/env1/lib/python3.12/site-packages/cupyx/jit/_interface.py:173: FutureWarning: cupyx.jit.rawkernel is experimental. The interface can change in the future.
  cupy._util.experimental('cupyx.jit.rawkernel')
/LUMI_TYKKY_lpQ1Wtj/miniconda/envs/env1/lib/python3.12/site-packages/cupyx/jit/_interface.py:173: FutureWarning: cupyx.jit.rawkernel is experimental. The interface can change in the future.
  cupy._util.experimental('cupyx.jit.rawkernel')
/LUMI_TYKKY_lpQ1Wtj/miniconda/envs/env1/lib/python3.12/site-packages/cupyx/jit/_interface.py:173: FutureWarning: cupyx.jit.rawkernel is experimental. The interface can change in the future.
  cupy._util.experimental('cupyx.jit.rawkernel')
/LUMI_TYKKY_lpQ1Wtj/miniconda/envs/env1/lib/python3.12/site-packages/cupyx/jit/_interface.py:173: FutureWarning: cupyx.jit.rawkernel is experimental. The interface can change in the future.
  cupy._util.experimental('cupyx.jit.rawkernel')
/LUMI_TYKKY_lpQ1Wtj/miniconda/envs/env1/lib/python3.12/site-packages/cupyx/jit/_interface.py:173: FutureWarning: cupyx.jit.rawkernel is experimental. The interface can change in the future.
  cupy._util.experimental('cupyx.jit.rawkernel')
/LUMI_TYKKY_lpQ1Wtj/miniconda/envs/env1/lib/python3.12/site-packages/cupyx/jit/_interface.py:173: FutureWarning: cupyx.jit.rawkernel is experimental. The interface can change in the future.
  cupy._util.experimental('cupyx.jit.rawkernel')
/LUMI_TYKKY_lpQ1Wtj/miniconda/envs/env1/lib/python3.12/site-packages/cupyx/jit/_interface.py:173: FutureWarning: cupyx.jit.rawkernel is experimental. The interface can change in the future.
  cupy._util.experimental('cupyx.jit.rawkernel')
/LUMI_TYKKY_lpQ1Wtj/miniconda/envs/env1/lib/python3.12/site-packages/cupyx/jit/_interface.py:173: FutureWarning: cupyx.jit.rawkernel is experimental. The interface can change in the future.
  cupy._util.experimental('cupyx.jit.rawkernel')
/LUMI_TYKKY_lpQ1Wtj/miniconda/envs/env1/lib/python3.12/site-packages/cupyx/jit/_interface.py:173: FutureWarning: cupyx.jit.rawkernel is experimental. The interface can change in the future.
  cupy._util.experimental('cupyx.jit.rawkernel')
/LUMI_TYKKY_lpQ1Wtj/miniconda/envs/env1/lib/python3.12/site-packages/cupyx/jit/_interface.py:173: FutureWarning: cupyx.jit.rawkernel is experimental. The interface can change in the future.
  cupy._util.experimental('cupyx.jit.rawkernel')
/LUMI_TYKKY_lpQ1Wtj/miniconda/envs/env1/lib/python3.12/site-packages/cupyx/jit/_interface.py:173: FutureWarning: cupyx.jit.rawkernel is experimental. The interface can change in the future.
  cupy._util.experimental('cupyx.jit.rawkernel')
/LUMI_TYKKY_lpQ1Wtj/miniconda/envs/env1/lib/python3.12/site-packages/cupyx/jit/_interface.py:173: FutureWarning: cupyx.jit.rawkernel is experimental. The interface can change in the future.
  cupy._util.experimental('cupyx.jit.rawkernel')
/LUMI_TYKKY_lpQ1Wtj/miniconda/envs/env1/lib/python3.12/site-packages/cupyx/jit/_interface.py:173: FutureWarning: cupyx.jit.rawkernel is experimental. The interface can change in the future.
  cupy._util.experimental('cupyx.jit.rawkernel')
/LUMI_TYKKY_lpQ1Wtj/miniconda/envs/env1/lib/python3.12/site-packages/cupyx/jit/_interface.py:173: FutureWarning: cupyx.jit.rawkernel is experimental. The interface can change in the future.
  cupy._util.experimental('cupyx.jit.rawkernel')
/LUMI_TYKKY_lpQ1Wtj/miniconda/envs/env1/lib/python3.12/site-packages/cupyx/jit/_interface.py:173: FutureWarning: cupyx.jit.rawkernel is experimental. The interface can change in the future.
  cupy._util.experimental('cupyx.jit.rawkernel')
/LUMI_TYKKY_lpQ1Wtj/miniconda/envs/env1/lib/python3.12/site-packages/cupyx/jit/_interface.py:173: FutureWarning: cupyx.jit.rawkernel is experimental. The interface can change in the future.
  cupy._util.experimental('cupyx.jit.rawkernel')
/LUMI_TYKKY_lpQ1Wtj/miniconda/envs/env1/lib/python3.12/site-packages/cupyx/jit/_interface.py:173: FutureWarning: cupyx.jit.rawkernel is experimental. The interface can change in the future.
  cupy._util.experimental('cupyx.jit.rawkernel')
/LUMI_TYKKY_lpQ1Wtj/miniconda/envs/env1/lib/python3.12/site-packages/cupyx/jit/_interface.py:173: FutureWarning: cupyx.jit.rawkernel is experimental. The interface can change in the future.
  cupy._util.experimental('cupyx.jit.rawkernel')
/LUMI_TYKKY_lpQ1Wtj/miniconda/envs/env1/lib/python3.12/site-packages/cupyx/jit/_interface.py:173: FutureWarning: cupyx.jit.rawkernel is experimental. The interface can change in the future.
  cupy._util.experimental('cupyx.jit.rawkernel')
/LUMI_TYKKY_lpQ1Wtj/miniconda/envs/env1/lib/python3.12/site-packages/cupyx/jit/_interface.py:173: FutureWarning: cupyx.jit.rawkernel is experimental. The interface can change in the future.
  cupy._util.experimental('cupyx.jit.rawkernel')
/LUMI_TYKKY_lpQ1Wtj/miniconda/envs/env1/lib/python3.12/site-packages/cupyx/jit/_interface.py:173: FutureWarning: cupyx.jit.rawkernel is experimental. The interface can change in the future.
  cupy._util.experimental('cupyx.jit.rawkernel')
/LUMI_TYKKY_lpQ1Wtj/miniconda/envs/env1/lib/python3.12/site-packages/cupyx/jit/_interface.py:173: FutureWarning: cupyx.jit.rawkernel is experimental. The interface can change in the future.
  cupy._util.experimental('cupyx.jit.rawkernel')
/LUMI_TYKKY_lpQ1Wtj/miniconda/envs/env1/lib/python3.12/site-packages/cupyx/jit/_interface.py:173: FutureWarning: cupyx.jit.rawkernel is experimental. The interface can change in the future.
  cupy._util.experimental('cupyx.jit.rawkernel')
/LUMI_TYKKY_lpQ1Wtj/miniconda/envs/env1/lib/python3.12/site-packages/cupyx/jit/_interface.py:173: FutureWarning: cupyx.jit.rawkernel is experimental. The interface can change in the future.
  cupy._util.experimental('cupyx.jit.rawkernel')
/LUMI_TYKKY_lpQ1Wtj/miniconda/envs/env1/lib/python3.12/site-packages/cupyx/jit/_interface.py:173: FutureWarning: cupyx.jit.rawkernel is experimental. The interface can change in the future.
  cupy._util.experimental('cupyx.jit.rawkernel')
/LUMI_TYKKY_lpQ1Wtj/miniconda/envs/env1/lib/python3.12/site-packages/cupyx/jit/_interface.py:173: FutureWarning: cupyx.jit.rawkernel is experimental. The interface can change in the future.
  cupy._util.experimental('cupyx.jit.rawkernel')
/LUMI_TYKKY_lpQ1Wtj/miniconda/envs/env1/lib/python3.12/site-packages/cupyx/jit/_interface.py:173: FutureWarning: cupyx.jit.rawkernel is experimental. The interface can change in the future.
  cupy._util.experimental('cupyx.jit.rawkernel')
/LUMI_TYKKY_lpQ1Wtj/miniconda/envs/env1/lib/python3.12/site-packages/cupyx/jit/_interface.py:173: FutureWarning: cupyx.jit.rawkernel is experimental. The interface can change in the future.
  cupy._util.experimental('cupyx.jit.rawkernel')
/LUMI_TYKKY_lpQ1Wtj/miniconda/envs/env1/lib/python3.12/site-packages/cupyx/jit/_interface.py:173: FutureWarning: cupyx.jit.rawkernel is experimental. The interface can change in the future.
  cupy._util.experimental('cupyx.jit.rawkernel')
/LUMI_TYKKY_lpQ1Wtj/miniconda/envs/env1/lib/python3.12/site-packages/cupyx/jit/_interface.py:173: FutureWarning: cupyx.jit.rawkernel is experimental. The interface can change in the future.
  cupy._util.experimental('cupyx.jit.rawkernel')
/LUMI_TYKKY_lpQ1Wtj/miniconda/envs/env1/lib/python3.12/site-packages/cupyx/jit/_interface.py:173: FutureWarning: cupyx.jit.rawkernel is experimental. The interface can change in the future.
  cupy._util.experimental('cupyx.jit.rawkernel')
/LUMI_TYKKY_lpQ1Wtj/miniconda/envs/env1/lib/python3.12/site-packages/cupyx/jit/_interface.py:173: FutureWarning: cupyx.jit.rawkernel is experimental. The interface can change in the future.
  cupy._util.experimental('cupyx.jit.rawkernel')
/LUMI_TYKKY_lpQ1Wtj/miniconda/envs/env1/lib/python3.12/site-packages/cupyx/jit/_interface.py:173: FutureWarning: cupyx.jit.rawkernel is experimental. The interface can change in the future.
  cupy._util.experimental('cupyx.jit.rawkernel')
/LUMI_TYKKY_lpQ1Wtj/miniconda/envs/env1/lib/python3.12/site-packages/cupyx/jit/_interface.py:173: FutureWarning: cupyx.jit.rawkernel is experimental. The interface can change in the future.
  cupy._util.experimental('cupyx.jit.rawkernel')
/LUMI_TYKKY_lpQ1Wtj/miniconda/envs/env1/lib/python3.12/site-packages/cupyx/jit/_interface.py:173: FutureWarning: cupyx.jit.rawkernel is experimental. The interface can change in the future.
  cupy._util.experimental('cupyx.jit.rawkernel')
/LUMI_TYKKY_lpQ1Wtj/miniconda/envs/env1/lib/python3.12/site-packages/cupyx/jit/_interface.py:173: FutureWarning: cupyx.jit.rawkernel is experimental. The interface can change in the future.
  cupy._util.experimental('cupyx.jit.rawkernel')
/LUMI_TYKKY_lpQ1Wtj/miniconda/envs/env1/lib/python3.12/site-packages/cupyx/jit/_interface.py:173: FutureWarning: cupyx.jit.rawkernel is experimental. The interface can change in the future.
  cupy._util.experimental('cupyx.jit.rawkernel')
/LUMI_TYKKY_lpQ1Wtj/miniconda/envs/env1/lib/python3.12/site-packages/cupyx/jit/_interface.py:173: FutureWarning: cupyx.jit.rawkernel is experimental. The interface can change in the future.
  cupy._util.experimental('cupyx.jit.rawkernel')
/LUMI_TYKKY_lpQ1Wtj/miniconda/envs/env1/lib/python3.12/site-packages/cupyx/jit/_interface.py:173: FutureWarning: cupyx.jit.rawkernel is experimental. The interface can change in the future.
  cupy._util.experimental('cupyx.jit.rawkernel')
/LUMI_TYKKY_lpQ1Wtj/miniconda/envs/env1/lib/python3.12/site-packages/cupyx/jit/_interface.py:173: FutureWarning: cupyx.jit.rawkernel is experimental. The interface can change in the future.
  cupy._util.experimental('cupyx.jit.rawkernel')
/LUMI_TYKKY_lpQ1Wtj/miniconda/envs/env1/lib/python3.12/site-packages/cupyx/jit/_interface.py:173: FutureWarning: cupyx.jit.rawkernel is experimental. The interface can change in the future.
  cupy._util.experimental('cupyx.jit.rawkernel')
/LUMI_TYKKY_lpQ1Wtj/miniconda/envs/env1/lib/python3.12/site-packages/cupyx/jit/_interface.py:173: FutureWarning: cupyx.jit.rawkernel is experimental. The interface can change in the future.
  cupy._util.experimental('cupyx.jit.rawkernel')
/LUMI_TYKKY_lpQ1Wtj/miniconda/envs/env1/lib/python3.12/site-packages/cupyx/jit/_interface.py:173: FutureWarning: cupyx.jit.rawkernel is experimental. The interface can change in the future.
  cupy._util.experimental('cupyx.jit.rawkernel')
/LUMI_TYKKY_lpQ1Wtj/miniconda/envs/env1/lib/python3.12/site-packages/cupyx/jit/_interface.py:173: FutureWarning: cupyx.jit.rawkernel is experimental. The interface can change in the future.
  cupy._util.experimental('cupyx.jit.rawkernel')
/LUMI_TYKKY_lpQ1Wtj/miniconda/envs/env1/lib/python3.12/site-packages/cupyx/jit/_interface.py:173: FutureWarning: cupyx.jit.rawkernel is experimental. The interface can change in the future.
  cupy._util.experimental('cupyx.jit.rawkernel')
/LUMI_TYKKY_lpQ1Wtj/miniconda/envs/env1/lib/python3.12/site-packages/cupyx/jit/_interface.py:173: FutureWarning: cupyx.jit.rawkernel is experimental. The interface can change in the future.
  cupy._util.experimental('cupyx.jit.rawkernel')
/LUMI_TYKKY_lpQ1Wtj/miniconda/envs/env1/lib/python3.12/site-packages/cupyx/jit/_interface.py:173: FutureWarning: cupyx.jit.rawkernel is experimental. The interface can change in the future.
  cupy._util.experimental('cupyx.jit.rawkernel')
/LUMI_TYKKY_lpQ1Wtj/miniconda/envs/env1/lib/python3.12/site-packages/cupyx/jit/_interface.py:173: FutureWarning: cupyx.jit.rawkernel is experimental. The interface can change in the future.
  cupy._util.experimental('cupyx.jit.rawkernel')
/LUMI_TYKKY_lpQ1Wtj/miniconda/envs/env1/lib/python3.12/site-packages/cupyx/jit/_interface.py:173: FutureWarning: cupyx.jit.rawkernel is experimental. The interface can change in the future.
  cupy._util.experimental('cupyx.jit.rawkernel')
/LUMI_TYKKY_lpQ1Wtj/miniconda/envs/env1/lib/python3.12/site-packages/cupyx/jit/_interface.py:173: FutureWarning: cupyx.jit.rawkernel is experimental. The interface can change in the future.
  cupy._util.experimental('cupyx.jit.rawkernel')
/LUMI_TYKKY_lpQ1Wtj/miniconda/envs/env1/lib/python3.12/site-packages/cupyx/jit/_interface.py:173: FutureWarning: cupyx.jit.rawkernel is experimental. The interface can change in the future.
  cupy._util.experimental('cupyx.jit.rawkernel')
/LUMI_TYKKY_lpQ1Wtj/miniconda/envs/env1/lib/python3.12/site-packages/cupyx/jit/_interface.py:173: FutureWarning: cupyx.jit.rawkernel is experimental. The interface can change in the future.
  cupy._util.experimental('cupyx.jit.rawkernel')
rocm-smi found, AMD GPU available
/LUMI_TYKKY_lpQ1Wtj/miniconda/envs/env1/lib/python3.12/site-packages/cupyx/jit/_interface.py:173: FutureWarning: cupyx.jit.rawkernel is experimental. The interface can change in the future.
  cupy._util.experimental('cupyx.jit.rawkernel')
/LUMI_TYKKY_lpQ1Wtj/miniconda/envs/env1/lib/python3.12/site-packages/cupyx/jit/_interface.py:173: FutureWarning: cupyx.jit.rawkernel is experimental. The interface can change in the future.
  cupy._util.experimental('cupyx.jit.rawkernel')
/LUMI_TYKKY_lpQ1Wtj/miniconda/envs/env1/lib/python3.12/site-packages/cupyx/jit/_interface.py:173: FutureWarning: cupyx.jit.rawkernel is experimental. The interface can change in the future.
  cupy._util.experimental('cupyx.jit.rawkernel')
/LUMI_TYKKY_lpQ1Wtj/miniconda/envs/env1/lib/python3.12/site-packages/cupyx/jit/_interface.py:173: FutureWarning: cupyx.jit.rawkernel is experimental. The interface can change in the future.
  cupy._util.experimental('cupyx.jit.rawkernel')
/LUMI_TYKKY_lpQ1Wtj/miniconda/envs/env1/lib/python3.12/site-packages/cupyx/jit/_interface.py:173: FutureWarning: cupyx.jit.rawkernel is experimental. The interface can change in the future.
  cupy._util.experimental('cupyx.jit.rawkernel')
/LUMI_TYKKY_lpQ1Wtj/miniconda/envs/env1/lib/python3.12/site-packages/cupyx/jit/_interface.py:173: FutureWarning: cupyx.jit.rawkernel is experimental. The interface can change in the future.
  cupy._util.experimental('cupyx.jit.rawkernel')
/LUMI_TYKKY_lpQ1Wtj/miniconda/envs/env1/lib/python3.12/site-packages/cupyx/jit/_interface.py:173: FutureWarning: cupyx.jit.rawkernel is experimental. The interface can change in the future.
  cupy._util.experimental('cupyx.jit.rawkernel')
/LUMI_TYKKY_lpQ1Wtj/miniconda/envs/env1/lib/python3.12/site-packages/cupyx/jit/_interface.py:173: FutureWarning: cupyx.jit.rawkernel is experimental. The interface can change in the future.
  cupy._util.experimental('cupyx.jit.rawkernel')
/LUMI_TYKKY_lpQ1Wtj/miniconda/envs/env1/lib/python3.12/site-packages/cupyx/jit/_interface.py:173: FutureWarning: cupyx.jit.rawkernel is experimental. The interface can change in the future.
  cupy._util.experimental('cupyx.jit.rawkernel')
/LUMI_TYKKY_lpQ1Wtj/miniconda/envs/env1/lib/python3.12/site-packages/cupyx/jit/_interface.py:173: FutureWarning: cupyx.jit.rawkernel is experimental. The interface can change in the future.
  cupy._util.experimental('cupyx.jit.rawkernel')
/LUMI_TYKKY_lpQ1Wtj/miniconda/envs/env1/lib/python3.12/site-packages/cupyx/jit/_interface.py:173: FutureWarning: cupyx.jit.rawkernel is experimental. The interface can change in the future.
  cupy._util.experimental('cupyx.jit.rawkernel')
/LUMI_TYKKY_lpQ1Wtj/miniconda/envs/env1/lib/python3.12/site-packages/cupyx/jit/_interface.py:173: FutureWarning: cupyx.jit.rawkernel is experimental. The interface can change in the future.
  cupy._util.experimental('cupyx.jit.rawkernel')
/LUMI_TYKKY_lpQ1Wtj/miniconda/envs/env1/lib/python3.12/site-packages/cupyx/jit/_interface.py:173: FutureWarning: cupyx.jit.rawkernel is experimental. The interface can change in the future.
  cupy._util.experimental('cupyx.jit.rawkernel')
/LUMI_TYKKY_lpQ1Wtj/miniconda/envs/env1/lib/python3.12/site-packages/cupyx/jit/_interface.py:173: FutureWarning: cupyx.jit.rawkernel is experimental. The interface can change in the future.
  cupy._util.experimental('cupyx.jit.rawkernel')
/LUMI_TYKKY_lpQ1Wtj/miniconda/envs/env1/lib/python3.12/site-packages/cupyx/jit/_interface.py:173: FutureWarning: cupyx.jit.rawkernel is experimental. The interface can change in the future.
  cupy._util.experimental('cupyx.jit.rawkernel')
/LUMI_TYKKY_lpQ1Wtj/miniconda/envs/env1/lib/python3.12/site-packages/cupyx/jit/_interface.py:173: FutureWarning: cupyx.jit.rawkernel is experimental. The interface can change in the future.
  cupy._util.experimental('cupyx.jit.rawkernel')
/LUMI_TYKKY_lpQ1Wtj/miniconda/envs/env1/lib/python3.12/site-packages/cupyx/jit/_interface.py:173: FutureWarning: cupyx.jit.rawkernel is experimental. The interface can change in the future.
  cupy._util.experimental('cupyx.jit.rawkernel')
/LUMI_TYKKY_lpQ1Wtj/miniconda/envs/env1/lib/python3.12/site-packages/cupyx/jit/_interface.py:173: FutureWarning: cupyx.jit.rawkernel is experimental. The interface can change in the future.
  cupy._util.experimental('cupyx.jit.rawkernel')
/LUMI_TYKKY_lpQ1Wtj/miniconda/envs/env1/lib/python3.12/site-packages/cupyx/jit/_interface.py:173: FutureWarning: cupyx.jit.rawkernel is experimental. The interface can change in the future.
  cupy._util.experimental('cupyx.jit.rawkernel')
/LUMI_TYKKY_lpQ1Wtj/miniconda/envs/env1/lib/python3.12/site-packages/cupyx/jit/_interface.py:173: FutureWarning: cupyx.jit.rawkernel is experimental. The interface can change in the future.
  cupy._util.experimental('cupyx.jit.rawkernel')
/LUMI_TYKKY_lpQ1Wtj/miniconda/envs/env1/lib/python3.12/site-packages/cupyx/jit/_interface.py:173: FutureWarning: cupyx.jit.rawkernel is experimental. The interface can change in the future.
  cupy._util.experimental('cupyx.jit.rawkernel')
/LUMI_TYKKY_lpQ1Wtj/miniconda/envs/env1/lib/python3.12/site-packages/cupyx/jit/_interface.py:173: FutureWarning: cupyx.jit.rawkernel is experimental. The interface can change in the future.
  cupy._util.experimental('cupyx.jit.rawkernel')
/LUMI_TYKKY_lpQ1Wtj/miniconda/envs/env1/lib/python3.12/site-packages/cupyx/jit/_interface.py:173: FutureWarning: cupyx.jit.rawkernel is experimental. The interface can change in the future.
  cupy._util.experimental('cupyx.jit.rawkernel')
/LUMI_TYKKY_lpQ1Wtj/miniconda/envs/env1/lib/python3.12/site-packages/cupyx/jit/_interface.py:173: FutureWarning: cupyx.jit.rawkernel is experimental. The interface can change in the future.
  cupy._util.experimental('cupyx.jit.rawkernel')
/LUMI_TYKKY_lpQ1Wtj/miniconda/envs/env1/lib/python3.12/site-packages/cupyx/jit/_interface.py:173: FutureWarning: cupyx.jit.rawkernel is experimental. The interface can change in the future.
  cupy._util.experimental('cupyx.jit.rawkernel')
/LUMI_TYKKY_lpQ1Wtj/miniconda/envs/env1/lib/python3.12/site-packages/cupyx/jit/_interface.py:173: FutureWarning: cupyx.jit.rawkernel is experimental. The interface can change in the future.
  cupy._util.experimental('cupyx.jit.rawkernel')
/LUMI_TYKKY_lpQ1Wtj/miniconda/envs/env1/lib/python3.12/site-packages/cupyx/jit/_interface.py:173: FutureWarning: cupyx.jit.rawkernel is experimental. The interface can change in the future.
  cupy._util.experimental('cupyx.jit.rawkernel')
/LUMI_TYKKY_lpQ1Wtj/miniconda/envs/env1/lib/python3.12/site-packages/cupyx/jit/_interface.py:173: FutureWarning: cupyx.jit.rawkernel is experimental. The interface can change in the future.
  cupy._util.experimental('cupyx.jit.rawkernel')
/LUMI_TYKKY_lpQ1Wtj/miniconda/envs/env1/lib/python3.12/site-packages/cupyx/jit/_interface.py:173: FutureWarning: cupyx.jit.rawkernel is experimental. The interface can change in the future.
  cupy._util.experimental('cupyx.jit.rawkernel')
/LUMI_TYKKY_lpQ1Wtj/miniconda/envs/env1/lib/python3.12/site-packages/cupyx/jit/_interface.py:173: FutureWarning: cupyx.jit.rawkernel is experimental. The interface can change in the future.
  cupy._util.experimental('cupyx.jit.rawkernel')
/LUMI_TYKKY_lpQ1Wtj/miniconda/envs/env1/lib/python3.12/site-packages/cupyx/jit/_interface.py:173: FutureWarning: cupyx.jit.rawkernel is experimental. The interface can change in the future.
  cupy._util.experimental('cupyx.jit.rawkernel')
/LUMI_TYKKY_lpQ1Wtj/miniconda/envs/env1/lib/python3.12/site-packages/cupyx/jit/_interface.py:173: FutureWarning: cupyx.jit.rawkernel is experimental. The interface can change in the future.
  cupy._util.experimental('cupyx.jit.rawkernel')
/LUMI_TYKKY_lpQ1Wtj/miniconda/envs/env1/lib/python3.12/site-packages/cupyx/jit/_interface.py:173: FutureWarning: cupyx.jit.rawkernel is experimental. The interface can change in the future.
  cupy._util.experimental('cupyx.jit.rawkernel')
/LUMI_TYKKY_lpQ1Wtj/miniconda/envs/env1/lib/python3.12/site-packages/cupyx/jit/_interface.py:173: FutureWarning: cupyx.jit.rawkernel is experimental. The interface can change in the future.
  cupy._util.experimental('cupyx.jit.rawkernel')
/LUMI_TYKKY_lpQ1Wtj/miniconda/envs/env1/lib/python3.12/site-packages/cupyx/jit/_interface.py:173: FutureWarning: cupyx.jit.rawkernel is experimental. The interface can change in the future.
  cupy._util.experimental('cupyx.jit.rawkernel')
/LUMI_TYKKY_lpQ1Wtj/miniconda/envs/env1/lib/python3.12/site-packages/cupyx/jit/_interface.py:173: FutureWarning: cupyx.jit.rawkernel is experimental. The interface can change in the future.
  cupy._util.experimental('cupyx.jit.rawkernel')
/LUMI_TYKKY_lpQ1Wtj/miniconda/envs/env1/lib/python3.12/site-packages/cupyx/jit/_interface.py:173: FutureWarning: cupyx.jit.rawkernel is experimental. The interface can change in the future.
  cupy._util.experimental('cupyx.jit.rawkernel')
/LUMI_TYKKY_lpQ1Wtj/miniconda/envs/env1/lib/python3.12/site-packages/cupyx/jit/_interface.py:173: FutureWarning: cupyx.jit.rawkernel is experimental. The interface can change in the future.
  cupy._util.experimental('cupyx.jit.rawkernel')
/LUMI_TYKKY_lpQ1Wtj/miniconda/envs/env1/lib/python3.12/site-packages/cupyx/jit/_interface.py:173: FutureWarning: cupyx.jit.rawkernel is experimental. The interface can change in the future.
  cupy._util.experimental('cupyx.jit.rawkernel')
/LUMI_TYKKY_lpQ1Wtj/miniconda/envs/env1/lib/python3.12/site-packages/cupyx/jit/_interface.py:173: FutureWarning: cupyx.jit.rawkernel is experimental. The interface can change in the future.
  cupy._util.experimental('cupyx.jit.rawkernel')
/LUMI_TYKKY_lpQ1Wtj/miniconda/envs/env1/lib/python3.12/site-packages/cupyx/jit/_interface.py:173: FutureWarning: cupyx.jit.rawkernel is experimental. The interface can change in the future.
  cupy._util.experimental('cupyx.jit.rawkernel')
/LUMI_TYKKY_lpQ1Wtj/miniconda/envs/env1/lib/python3.12/site-packages/cupyx/jit/_interface.py:173: FutureWarning: cupyx.jit.rawkernel is experimental. The interface can change in the future.
  cupy._util.experimental('cupyx.jit.rawkernel')
/LUMI_TYKKY_lpQ1Wtj/miniconda/envs/env1/lib/python3.12/site-packages/cupyx/jit/_interface.py:173: FutureWarning: cupyx.jit.rawkernel is experimental. The interface can change in the future.
  cupy._util.experimental('cupyx.jit.rawkernel')
/LUMI_TYKKY_lpQ1Wtj/miniconda/envs/env1/lib/python3.12/site-packages/cupyx/jit/_interface.py:173: FutureWarning: cupyx.jit.rawkernel is experimental. The interface can change in the future.
  cupy._util.experimental('cupyx.jit.rawkernel')
/LUMI_TYKKY_lpQ1Wtj/miniconda/envs/env1/lib/python3.12/site-packages/cupyx/jit/_interface.py:173: FutureWarning: cupyx.jit.rawkernel is experimental. The interface can change in the future.
  cupy._util.experimental('cupyx.jit.rawkernel')
/LUMI_TYKKY_lpQ1Wtj/miniconda/envs/env1/lib/python3.12/site-packages/cupyx/jit/_interface.py:173: FutureWarning: cupyx.jit.rawkernel is experimental. The interface can change in the future.
  cupy._util.experimental('cupyx.jit.rawkernel')
/LUMI_TYKKY_lpQ1Wtj/miniconda/envs/env1/lib/python3.12/site-packages/cupyx/jit/_interface.py:173: FutureWarning: cupyx.jit.rawkernel is experimental. The interface can change in the future.
  cupy._util.experimental('cupyx.jit.rawkernel')
/LUMI_TYKKY_lpQ1Wtj/miniconda/envs/env1/lib/python3.12/site-packages/cupyx/jit/_interface.py:173: FutureWarning: cupyx.jit.rawkernel is experimental. The interface can change in the future.
  cupy._util.experimental('cupyx.jit.rawkernel')
/LUMI_TYKKY_lpQ1Wtj/miniconda/envs/env1/lib/python3.12/site-packages/cupyx/jit/_interface.py:173: FutureWarning: cupyx.jit.rawkernel is experimental. The interface can change in the future.
  cupy._util.experimental('cupyx.jit.rawkernel')
/LUMI_TYKKY_lpQ1Wtj/miniconda/envs/env1/lib/python3.12/site-packages/cupyx/jit/_interface.py:173: FutureWarning: cupyx.jit.rawkernel is experimental. The interface can change in the future.
  cupy._util.experimental('cupyx.jit.rawkernel')
/LUMI_TYKKY_lpQ1Wtj/miniconda/envs/env1/lib/python3.12/site-packages/cupyx/jit/_interface.py:173: FutureWarning: cupyx.jit.rawkernel is experimental. The interface can change in the future.
  cupy._util.experimental('cupyx.jit.rawkernel')
/LUMI_TYKKY_lpQ1Wtj/miniconda/envs/env1/lib/python3.12/site-packages/cupyx/jit/_interface.py:173: FutureWarning: cupyx.jit.rawkernel is experimental. The interface can change in the future.
  cupy._util.experimental('cupyx.jit.rawkernel')
/LUMI_TYKKY_lpQ1Wtj/miniconda/envs/env1/lib/python3.12/site-packages/cupyx/jit/_interface.py:173: FutureWarning: cupyx.jit.rawkernel is experimental. The interface can change in the future.
  cupy._util.experimental('cupyx.jit.rawkernel')
/LUMI_TYKKY_lpQ1Wtj/miniconda/envs/env1/lib/python3.12/site-packages/cupyx/jit/_interface.py:173: FutureWarning: cupyx.jit.rawkernel is experimental. The interface can change in the future.
  cupy._util.experimental('cupyx.jit.rawkernel')
/LUMI_TYKKY_lpQ1Wtj/miniconda/envs/env1/lib/python3.12/site-packages/cupyx/jit/_interface.py:173: FutureWarning: cupyx.jit.rawkernel is experimental. The interface can change in the future.
  cupy._util.experimental('cupyx.jit.rawkernel')
/LUMI_TYKKY_lpQ1Wtj/miniconda/envs/env1/lib/python3.12/site-packages/cupyx/jit/_interface.py:173: FutureWarning: cupyx.jit.rawkernel is experimental. The interface can change in the future.
  cupy._util.experimental('cupyx.jit.rawkernel')
/LUMI_TYKKY_lpQ1Wtj/miniconda/envs/env1/lib/python3.12/site-packages/cupyx/jit/_interface.py:173: FutureWarning: cupyx.jit.rawkernel is experimental. The interface can change in the future.
  cupy._util.experimental('cupyx.jit.rawkernel')
/LUMI_TYKKY_lpQ1Wtj/miniconda/envs/env1/lib/python3.12/site-packages/cupyx/jit/_interface.py:173: FutureWarning: cupyx.jit.rawkernel is experimental. The interface can change in the future.
  cupy._util.experimental('cupyx.jit.rawkernel')
/LUMI_TYKKY_lpQ1Wtj/miniconda/envs/env1/lib/python3.12/site-packages/cupyx/jit/_interface.py:173: FutureWarning: cupyx.jit.rawkernel is experimental. The interface can change in the future.
  cupy._util.experimental('cupyx.jit.rawkernel')
/LUMI_TYKKY_lpQ1Wtj/miniconda/envs/env1/lib/python3.12/site-packages/cupyx/jit/_interface.py:173: FutureWarning: cupyx.jit.rawkernel is experimental. The interface can change in the future.
  cupy._util.experimental('cupyx.jit.rawkernel')
/LUMI_TYKKY_lpQ1Wtj/miniconda/envs/env1/lib/python3.12/site-packages/cupyx/jit/_interface.py:173: FutureWarning: cupyx.jit.rawkernel is experimental. The interface can change in the future.
  cupy._util.experimental('cupyx.jit.rawkernel')
/LUMI_TYKKY_lpQ1Wtj/miniconda/envs/env1/lib/python3.12/site-packages/cupyx/jit/_interface.py:173: FutureWarning: cupyx.jit.rawkernel is experimental. The interface can change in the future.
  cupy._util.experimental('cupyx.jit.rawkernel')
/LUMI_TYKKY_lpQ1Wtj/miniconda/envs/env1/lib/python3.12/site-packages/cupyx/jit/_interface.py:173: FutureWarning: cupyx.jit.rawkernel is experimental. The interface can change in the future.
  cupy._util.experimental('cupyx.jit.rawkernel')
/LUMI_TYKKY_lpQ1Wtj/miniconda/envs/env1/lib/python3.12/site-packages/cupyx/jit/_interface.py:173: FutureWarning: cupyx.jit.rawkernel is experimental. The interface can change in the future.
  cupy._util.experimental('cupyx.jit.rawkernel')
/LUMI_TYKKY_lpQ1Wtj/miniconda/envs/env1/lib/python3.12/site-packages/cupyx/jit/_interface.py:173: FutureWarning: cupyx.jit.rawkernel is experimental. The interface can change in the future.
  cupy._util.experimental('cupyx.jit.rawkernel')
/LUMI_TYKKY_lpQ1Wtj/miniconda/envs/env1/lib/python3.12/site-packages/cupyx/jit/_interface.py:173: FutureWarning: cupyx.jit.rawkernel is experimental. The interface can change in the future.
  cupy._util.experimental('cupyx.jit.rawkernel')
/LUMI_TYKKY_lpQ1Wtj/miniconda/envs/env1/lib/python3.12/site-packages/cupyx/jit/_interface.py:173: FutureWarning: cupyx.jit.rawkernel is experimental. The interface can change in the future.
  cupy._util.experimental('cupyx.jit.rawkernel')
/LUMI_TYKKY_lpQ1Wtj/miniconda/envs/env1/lib/python3.12/site-packages/cupyx/jit/_interface.py:173: FutureWarning: cupyx.jit.rawkernel is experimental. The interface can change in the future.
  cupy._util.experimental('cupyx.jit.rawkernel')
/LUMI_TYKKY_lpQ1Wtj/miniconda/envs/env1/lib/python3.12/site-packages/cupyx/jit/_interface.py:173: FutureWarning: cupyx.jit.rawkernel is experimental. The interface can change in the future.
  cupy._util.experimental('cupyx.jit.rawkernel')
/LUMI_TYKKY_lpQ1Wtj/miniconda/envs/env1/lib/python3.12/site-packages/cupyx/jit/_interface.py:173: FutureWarning: cupyx.jit.rawkernel is experimental. The interface can change in the future.
  cupy._util.experimental('cupyx.jit.rawkernel')
/LUMI_TYKKY_lpQ1Wtj/miniconda/envs/env1/lib/python3.12/site-packages/cupyx/jit/_interface.py:173: FutureWarning: cupyx.jit.rawkernel is experimental. The interface can change in the future.
  cupy._util.experimental('cupyx.jit.rawkernel')
/LUMI_TYKKY_lpQ1Wtj/miniconda/envs/env1/lib/python3.12/site-packages/cupyx/jit/_interface.py:173: FutureWarning: cupyx.jit.rawkernel is experimental. The interface can change in the future.
  cupy._util.experimental('cupyx.jit.rawkernel')
/LUMI_TYKKY_lpQ1Wtj/miniconda/envs/env1/lib/python3.12/site-packages/cupyx/jit/_interface.py:173: FutureWarning: cupyx.jit.rawkernel is experimental. The interface can change in the future.
  cupy._util.experimental('cupyx.jit.rawkernel')
/LUMI_TYKKY_lpQ1Wtj/miniconda/envs/env1/lib/python3.12/site-packages/cupyx/jit/_interface.py:173: FutureWarning: cupyx.jit.rawkernel is experimental. The interface can change in the future.
  cupy._util.experimental('cupyx.jit.rawkernel')
/LUMI_TYKKY_lpQ1Wtj/miniconda/envs/env1/lib/python3.12/site-packages/cupyx/jit/_interface.py:173: FutureWarning: cupyx.jit.rawkernel is experimental. The interface can change in the future.
  cupy._util.experimental('cupyx.jit.rawkernel')
/LUMI_TYKKY_lpQ1Wtj/miniconda/envs/env1/lib/python3.12/site-packages/cupyx/jit/_interface.py:173: FutureWarning: cupyx.jit.rawkernel is experimental. The interface can change in the future.
  cupy._util.experimental('cupyx.jit.rawkernel')
/LUMI_TYKKY_lpQ1Wtj/miniconda/envs/env1/lib/python3.12/site-packages/cupyx/jit/_interface.py:173: FutureWarning: cupyx.jit.rawkernel is experimental. The interface can change in the future.
  cupy._util.experimental('cupyx.jit.rawkernel')
/LUMI_TYKKY_lpQ1Wtj/miniconda/envs/env1/lib/python3.12/site-packages/cupyx/jit/_interface.py:173: FutureWarning: cupyx.jit.rawkernel is experimental. The interface can change in the future.
  cupy._util.experimental('cupyx.jit.rawkernel')
/LUMI_TYKKY_lpQ1Wtj/miniconda/envs/env1/lib/python3.12/site-packages/cupyx/jit/_interface.py:173: FutureWarning: cupyx.jit.rawkernel is experimental. The interface can change in the future.
  cupy._util.experimental('cupyx.jit.rawkernel')
/LUMI_TYKKY_lpQ1Wtj/miniconda/envs/env1/lib/python3.12/site-packages/cupyx/jit/_interface.py:173: FutureWarning: cupyx.jit.rawkernel is experimental. The interface can change in the future.
  cupy._util.experimental('cupyx.jit.rawkernel')
Using gpu implementation
Shape: (491040,), Size: 491040, Type: int32
Shape: (491040,), Size: 491040, Type: int32
Shape: (491040,), Size: 491040, Type: int32
Shape: (491040,), Size: 491040, Type: int32
Shape: (491040,), Size: 491040, Type: int32
Shape: (491040,), Size: 491040, Type: int32
Shape: (491040,), Size: 491040, Type: int32
Shape: (491040,), Size: 491040, Type: int32
Shape: (1, 485632), Size: 485632, Type: int32
Shape: (1, 485632), Size: 485632, Type: int32
Shape: (1, 3798080), Size: 3798080, Type: int32
Shape: (1, 3798080), Size: 3798080, Type: int32
Shape: (1, 5408), Size: 5408, Type: int32
Shape: (1, 5408), Size: 5408, Type: int32
Shape: (485632,), Size: 485632, Type: complex128
Shape: (3798080,), Size: 3798080, Type: complex128
Shape: (5408,), Size: 5408, Type: complex128
#Energy: 16384 #nnz: 491040
Rank: 35 #Energy/rank: 64 #nnz/rank: 1918 nid005610
Rank: 39 #Energy/rank: 64 #nnz/rank: 1918 nid005610
Rank: 55 #Energy/rank: 64 #nnz/rank: 1918 nid005614
Rank: 33 #Energy/rank: 64 #nnz/rank: 1918 nid005610
Rank: 37 #Energy/rank: 64 #nnz/rank: 1918 nid005610
Rank: 17 #Energy/rank: 64 #nnz/rank: 1918 nid005580
Rank: 134 #Energy/rank: 64 #nnz/rank: 1918 nid006979
Rank: 18 #Energy/rank: 64 #nnz/rank: 1918 nid005580
Rank: 34 #Energy/rank: 64 #nnz/rank: 1918 nid005610
Rank: 22 #Energy/rank: 64 #nnz/rank: 1918 nid005580
Rank: 15 #Energy/rank: 64 #nnz/rank: 1918 nid005564
Rank: 2 #Energy/rank: 64 #nnz/rank: 1918 nid005562
Rank: 129 #Energy/rank: 64 #nnz/rank: 1918 nid006979
Rank: 231 #Energy/rank: 64 #nnz/rank: 1918 nid007433
Rank: 246 #Energy/rank: 64 #nnz/rank: 1918 nid007646
Rank: 158 #Energy/rank: 64 #nnz/rank: 1918 nid006986
Rank: 9 #Energy/rank: 64 #nnz/rank: 1918 nid005564
Rank: 10 #Energy/rank: 64 #nnz/rank: 1918 nid005564
Rank: 147 #Energy/rank: 64 #nnz/rank: 1918 nid006985
Rank: 27 #Energy/rank: 64 #nnz/rank: 1918 nid005586
Rank: 25 #Energy/rank: 64 #nnz/rank: 1918 nid005586
Rank: 174 #Energy/rank: 64 #nnz/rank: 1918 nid007059
Rank: 153 #Energy/rank: 64 #nnz/rank: 1918 nid006986
Rank: 241 #Energy/rank: 64 #nnz/rank: 1918 nid007646
Rank: 31 #Energy/rank: 64 #nnz/rank: 1918 nid005586
Rank: 145 #Energy/rank: 64 #nnz/rank: 1918 nid006985
Rank: 155 #Energy/rank: 64 #nnz/rank: 1918 nid006986
Rank: 14 #Energy/rank: 64 #nnz/rank: 1918 nid005564
Rank: 210 #Energy/rank: 64 #nnz/rank: 1918 nid007359
Rank: 41 #Energy/rank: 64 #nnz/rank: 1918 nid005612
Rank: 51 #Energy/rank: 64 #nnz/rank: 1918 nid005614
Rank: 54 #Energy/rank: 64 #nnz/rank: 1918 nid005614
Rank: 46 #Energy/rank: 64 #nnz/rank: 1918 nid005612
Rank: 171 #Energy/rank: 64 #nnz/rank: 1918 nid007059
Rank: 226 #Energy/rank: 64 #nnz/rank: 1918 nid007433
Rank: 23 #Energy/rank: 64 #nnz/rank: 1918 nid005580
Rank: 43 #Energy/rank: 64 #nnz/rank: 1918 nid005612
Rank: 78 #Energy/rank: 64 #nnz/rank: 1918 nid006546
Rank: 63 #Energy/rank: 64 #nnz/rank: 1918 nid006519
Rank: 242 #Energy/rank: 64 #nnz/rank: 1918 nid007646
Rank: 209 #Energy/rank: 64 #nnz/rank: 1918 nid007359
Rank: 151 #Energy/rank: 64 #nnz/rank: 1918 nid006985
Rank: 247 #Energy/rank: 64 #nnz/rank: 1918 nid007646
Rank: 3 #Energy/rank: 64 #nnz/rank: 1918 nid005562
Rank: 130 #Energy/rank: 64 #nnz/rank: 1918 nid006979
Rank: 103 #Energy/rank: 64 #nnz/rank: 1918 nid006558
Rank: 98 #Energy/rank: 64 #nnz/rank: 1918 nid006558
Rank: 239 #Energy/rank: 64 #nnz/rank: 1918 nid007434
Rank: 175 #Energy/rank: 64 #nnz/rank: 1918 nid007059
Rank: 219 #Energy/rank: 64 #nnz/rank: 1918 nid007360
Rank: 7 #Energy/rank: 64 #nnz/rank: 1918 nid005562
Rank: 233 #Energy/rank: 64 #nnz/rank: 1918 nid007434
Rank: 146 #Energy/rank: 64 #nnz/rank: 1918 nid006985
Rank: 207 #Energy/rank: 64 #nnz/rank: 1918 nid007156
Rank: 217 #Energy/rank: 64 #nnz/rank: 1918 nid007360
Rank: 73 #Energy/rank: 64 #nnz/rank: 1918 nid006546
Rank: 82 #Energy/rank: 64 #nnz/rank: 1918 nid006548
Rank: 166 #Energy/rank: 64 #nnz/rank: 1918 nid007058
Rank: 201 #Energy/rank: 64 #nnz/rank: 1918 nid007156
Rank: 234 #Energy/rank: 64 #nnz/rank: 1918 nid007434
Rank: 5 #Energy/rank: 64 #nnz/rank: 1918 nid005562
Rank: 86 #Energy/rank: 64 #nnz/rank: 1918 nid006548
Rank: 36 #Energy/rank: 64 #nnz/rank: 1918 nid005610
Rank: 97 #Energy/rank: 64 #nnz/rank: 1918 nid006558
Rank: 159 #Energy/rank: 64 #nnz/rank: 1918 nid006986
Rank: 126 #Energy/rank: 64 #nnz/rank: 1918 nid006936
Rank: 57 #Energy/rank: 64 #nnz/rank: 1918 nid006519
Rank: 195 #Energy/rank: 64 #nnz/rank: 1918 nid007155
Rank: 227 #Energy/rank: 64 #nnz/rank: 1918 nid007433
Rank: 203 #Energy/rank: 64 #nnz/rank: 1918 nid007156
Rank: 45 #Energy/rank: 64 #nnz/rank: 1918 nid005612
Rank: 52 #Energy/rank: 64 #nnz/rank: 1918 nid005614
Rank: 13 #Energy/rank: 64 #nnz/rank: 1918 nid005564
Rank: 58 #Energy/rank: 64 #nnz/rank: 1918 nid006519
Rank: 102 #Energy/rank: 64 #nnz/rank: 1918 nid006558
Rank: 154 #Energy/rank: 64 #nnz/rank: 1918 nid006986
Rank: 94 #Energy/rank: 64 #nnz/rank: 1918 nid006556
Rank: 11 #Energy/rank: 64 #nnz/rank: 1918 nid005564
Rank: 49 #Energy/rank: 64 #nnz/rank: 1918 nid005614
Rank: 12 #Energy/rank: 64 #nnz/rank: 1918 nid005564
Rank: 121 #Energy/rank: 64 #nnz/rank: 1918 nid006936
Rank: 222 #Energy/rank: 64 #nnz/rank: 1918 nid007360
Rank: 131 #Energy/rank: 64 #nnz/rank: 1918 nid006979
Rank: 211 #Energy/rank: 64 #nnz/rank: 1918 nid007359
Rank: 91 #Energy/rank: 64 #nnz/rank: 1918 nid006556
Rank: 218 #Energy/rank: 64 #nnz/rank: 1918 nid007360
Rank: 214 #Energy/rank: 64 #nnz/rank: 1918 nid007359
Rank: 194 #Energy/rank: 64 #nnz/rank: 1918 nid007155
Rank: 170 #Energy/rank: 64 #nnz/rank: 1918 nid007059
Rank: 6 #Energy/rank: 64 #nnz/rank: 1918 nid005562
Rank: 150 #Energy/rank: 64 #nnz/rank: 1918 nid006985
Rank: 230 #Energy/rank: 64 #nnz/rank: 1918 nid007433
Rank: 79 #Energy/rank: 64 #nnz/rank: 1918 nid006546
Rank: 87 #Energy/rank: 64 #nnz/rank: 1918 nid006548
Rank: 193 #Energy/rank: 64 #nnz/rank: 1918 nid007155
Rank: 75 #Energy/rank: 64 #nnz/rank: 1918 nid006546
Rank: 42 #Energy/rank: 64 #nnz/rank: 1918 nid005612
Rank: 81 #Energy/rank: 64 #nnz/rank: 1918 nid006548
Rank: 53 #Energy/rank: 64 #nnz/rank: 1918 nid005614
Rank: 4 #Energy/rank: 64 #nnz/rank: 1918 nid005562
Rank: 143 #Energy/rank: 64 #nnz/rank: 1918 nid006980
Rank: 169 #Energy/rank: 64 #nnz/rank: 1918 nid007059
Rank: 167 #Energy/rank: 64 #nnz/rank: 1918 nid007058
Rank: 111 #Energy/rank: 64 #nnz/rank: 1918 nid006594
Rank: 199 #Energy/rank: 64 #nnz/rank: 1918 nid007155
Rank: 163 #Energy/rank: 64 #nnz/rank: 1918 nid007058
Rank: 30 #Energy/rank: 64 #nnz/rank: 1918 nid005586
Rank: 67 #Energy/rank: 64 #nnz/rank: 1918 nid006542
Rank: 225 #Energy/rank: 64 #nnz/rank: 1918 nid007433
Rank: 99 #Energy/rank: 64 #nnz/rank: 1918 nid006558
Rank: 238 #Energy/rank: 64 #nnz/rank: 1918 nid007434
Rank: 1 #Energy/rank: 64 #nnz/rank: 1918 nid005562
Rank: 50 #Energy/rank: 64 #nnz/rank: 1918 nid005614
Rank: 137 #Energy/rank: 64 #nnz/rank: 1918 nid006980
Rank: 122 #Energy/rank: 64 #nnz/rank: 1918 nid006936
Rank: 113 #Energy/rank: 64 #nnz/rank: 1918 nid006935
Rank: 105 #Energy/rank: 64 #nnz/rank: 1918 nid006594
Rank: 202 #Energy/rank: 64 #nnz/rank: 1918 nid007156
Rank: 89 #Energy/rank: 64 #nnz/rank: 1918 nid006556
Rank: 38 #Energy/rank: 64 #nnz/rank: 1918 nid005610
Rank: 161 #Energy/rank: 64 #nnz/rank: 1918 nid007058
Rank: 115 #Energy/rank: 64 #nnz/rank: 1918 nid006935
Rank: 62 #Energy/rank: 64 #nnz/rank: 1918 nid006519
Rank: 223 #Energy/rank: 64 #nnz/rank: 1918 nid007360
Rank: 59 #Energy/rank: 64 #nnz/rank: 1918 nid006519
Rank: 123 #Energy/rank: 64 #nnz/rank: 1918 nid006936
Rank: 139 #Energy/rank: 64 #nnz/rank: 1918 nid006980
Rank: 95 #Energy/rank: 64 #nnz/rank: 1918 nid006556
Rank: 47 #Energy/rank: 64 #nnz/rank: 1918 nid005612
Rank: 19 #Energy/rank: 64 #nnz/rank: 1918 nid005580
Rank: 44 #Energy/rank: 64 #nnz/rank: 1918 nid005612
Rank: 110 #Energy/rank: 64 #nnz/rank: 1918 nid006594
Rank: 243 #Energy/rank: 64 #nnz/rank: 1918 nid007646
Rank: 90 #Energy/rank: 64 #nnz/rank: 1918 nid006556
Rank: 107 #Energy/rank: 64 #nnz/rank: 1918 nid006594
Rank: 162 #Energy/rank: 64 #nnz/rank: 1918 nid007058
Rank: 135 #Energy/rank: 64 #nnz/rank: 1918 nid006979
Rank: 26 #Energy/rank: 64 #nnz/rank: 1918 nid005586
Rank: 235 #Energy/rank: 64 #nnz/rank: 1918 nid007434
Rank: 109 #Energy/rank: 64 #nnz/rank: 1918 nid006594
Rank: 66 #Energy/rank: 64 #nnz/rank: 1918 nid006542
Rank: 251 #Energy/rank: 64 #nnz/rank: 1918 nid007647
Rank: 114 #Energy/rank: 64 #nnz/rank: 1918 nid006935
Rank: 142 #Energy/rank: 64 #nnz/rank: 1918 nid006980
Rank: 138 #Energy/rank: 64 #nnz/rank: 1918 nid006980
Rank: 119 #Energy/rank: 64 #nnz/rank: 1918 nid006935
Rank: 74 #Energy/rank: 64 #nnz/rank: 1918 nid006546
Rank: 255 #Energy/rank: 64 #nnz/rank: 1950 nid007647
Rank: 127 #Energy/rank: 64 #nnz/rank: 1918 nid006936
Rank: 178 #Energy/rank: 64 #nnz/rank: 1918 nid007102
Rank: 198 #Energy/rank: 64 #nnz/rank: 1918 nid007155
Rank: 65 #Energy/rank: 64 #nnz/rank: 1918 nid006542
Rank: 21 #Energy/rank: 64 #nnz/rank: 1918 nid005580
Rank: 83 #Energy/rank: 64 #nnz/rank: 1918 nid006548
Rank: 108 #Energy/rank: 64 #nnz/rank: 1918 nid006594
Rank: 28 #Energy/rank: 64 #nnz/rank: 1918 nid005586
Rank: 183 #Energy/rank: 64 #nnz/rank: 1918 nid007102
Rank: 70 #Energy/rank: 64 #nnz/rank: 1918 nid006542
Rank: 254 #Energy/rank: 64 #nnz/rank: 1918 nid007647
Rank: 71 #Energy/rank: 64 #nnz/rank: 1918 nid006542
Rank: 206 #Energy/rank: 64 #nnz/rank: 1918 nid007156
Rank: 106 #Energy/rank: 64 #nnz/rank: 1918 nid006594
Rank: 20 #Energy/rank: 64 #nnz/rank: 1918 nid005580
Rank: 249 #Energy/rank: 64 #nnz/rank: 1918 nid007647
Rank: 179 #Energy/rank: 64 #nnz/rank: 1918 nid007102
Rank: 215 #Energy/rank: 64 #nnz/rank: 1918 nid007359
Rank: 250 #Energy/rank: 64 #nnz/rank: 1918 nid007647
Rank: 182 #Energy/rank: 64 #nnz/rank: 1918 nid007102
Rank: 118 #Energy/rank: 64 #nnz/rank: 1918 nid006935
Rank: 157 #Energy/rank: 64 #nnz/rank: 1918 nid006986
Rank: 229 #Energy/rank: 64 #nnz/rank: 1918 nid007433
Rank: 124 #Energy/rank: 64 #nnz/rank: 1918 nid006936
Rank: 29 #Energy/rank: 64 #nnz/rank: 1918 nid005586
Rank: 228 #Energy/rank: 64 #nnz/rank: 1918 nid007433
Rank: 61 #Energy/rank: 64 #nnz/rank: 1918 nid006519
Rank: 148 #Energy/rank: 64 #nnz/rank: 1918 nid006985
Rank: 204 #Energy/rank: 64 #nnz/rank: 1918 nid007156
Rank: 164 #Energy/rank: 64 #nnz/rank: 1918 nid007058
Rank: 245 #Energy/rank: 64 #nnz/rank: 1918 nid007646
Rank: 177 #Energy/rank: 64 #nnz/rank: 1918 nid007102
Rank: 100 #Energy/rank: 64 #nnz/rank: 1918 nid006558
Rank: 236 #Energy/rank: 64 #nnz/rank: 1918 nid007434
Rank: 76 #Energy/rank: 64 #nnz/rank: 1918 nid006546
Rank: 173 #Energy/rank: 64 #nnz/rank: 1918 nid007059
Rank: 101 #Energy/rank: 64 #nnz/rank: 1918 nid006558
Rank: 32 #Energy/rank: 64 #nnz/rank: 1918 nid005610
Rank: 213 #Energy/rank: 64 #nnz/rank: 1918 nid007359
Rank: 77 #Energy/rank: 64 #nnz/rank: 1918 nid006546
Rank: 40 #Energy/rank: 64 #nnz/rank: 1918 nid005612
Rank: 244 #Energy/rank: 64 #nnz/rank: 1918 nid007646
Rank: 205 #Energy/rank: 64 #nnz/rank: 1918 nid007156
Rank: 132 #Energy/rank: 64 #nnz/rank: 1918 nid006979
Rank: 92 #Energy/rank: 64 #nnz/rank: 1918 nid006556
Rank: 149 #Energy/rank: 64 #nnz/rank: 1918 nid006985
Rank: 191 #Energy/rank: 64 #nnz/rank: 1918 nid007103
Rank: 93 #Energy/rank: 64 #nnz/rank: 1918 nid006556
Rank: 237 #Energy/rank: 64 #nnz/rank: 1918 nid007434
Rank: 196 #Energy/rank: 64 #nnz/rank: 1918 nid007155
Rank: 128 #Energy/rank: 64 #nnz/rank: 1918 nid006979
Rank: 221 #Energy/rank: 64 #nnz/rank: 1918 nid007360
Rank: 172 #Energy/rank: 64 #nnz/rank: 1918 nid007059
Rank: 190 #Energy/rank: 64 #nnz/rank: 1918 nid007103
Rank: 8 #Energy/rank: 64 #nnz/rank: 1918 nid005564
Rank: 125 #Energy/rank: 64 #nnz/rank: 1918 nid006936
Rank: 133 #Energy/rank: 64 #nnz/rank: 1918 nid006979
Rank: 240 #Energy/rank: 64 #nnz/rank: 1918 nid007646
Rank: 84 #Energy/rank: 64 #nnz/rank: 1918 nid006548
Rank: 60 #Energy/rank: 64 #nnz/rank: 1918 nid006519
Rank: 24 #Energy/rank: 64 #nnz/rank: 1918 nid005586
Rank: 69 #Energy/rank: 64 #nnz/rank: 1918 nid006542
Rank: 160 #Energy/rank: 64 #nnz/rank: 1918 nid007058
Rank: 72 #Energy/rank: 64 #nnz/rank: 1918 nid006546
Rank: 141 #Energy/rank: 64 #nnz/rank: 1918 nid006980
Rank: 16 #Energy/rank: 64 #nnz/rank: 1918 nid005580
Rank: 156 #Energy/rank: 64 #nnz/rank: 1918 nid006986
Rank: 68 #Energy/rank: 64 #nnz/rank: 1918 nid006542
Rank: 140 #Energy/rank: 64 #nnz/rank: 1918 nid006980
Rank: 152 #Energy/rank: 64 #nnz/rank: 1918 nid006986
Rank: 212 #Energy/rank: 64 #nnz/rank: 1918 nid007359
Rank: 116 #Energy/rank: 64 #nnz/rank: 1918 nid006935
Rank: 165 #Energy/rank: 64 #nnz/rank: 1918 nid007058
Rank: 187 #Energy/rank: 64 #nnz/rank: 1918 nid007103
Rank: 180 #Energy/rank: 64 #nnz/rank: 1918 nid007102
Rank: 220 #Energy/rank: 64 #nnz/rank: 1918 nid007360
Rank: 96 #Energy/rank: 64 #nnz/rank: 1918 nid006558
Rank: 253 #Energy/rank: 64 #nnz/rank: 1918 nid007647
Rank: 208 #Energy/rank: 64 #nnz/rank: 1918 nid007359
Rank: 252 #Energy/rank: 64 #nnz/rank: 1918 nid007647
Rank: 56 #Energy/rank: 64 #nnz/rank: 1918 nid006519
Rank: 185 #Energy/rank: 64 #nnz/rank: 1918 nid007103
Rank: 224 #Energy/rank: 64 #nnz/rank: 1918 nid007433
Rank: 88 #Energy/rank: 64 #nnz/rank: 1918 nid006556
Rank: 48 #Energy/rank: 64 #nnz/rank: 1918 nid005614
Rank: 192 #Energy/rank: 64 #nnz/rank: 1918 nid007155
Rank: 0 #Energy/rank: 64 #nnz/rank: 1918 nid005562
Rank: 144 #Energy/rank: 64 #nnz/rank: 1918 nid006985
Rank: 112 #Energy/rank: 64 #nnz/rank: 1918 nid006935
Rank: 168 #Energy/rank: 64 #nnz/rank: 1918 nid007059
Rank: 181 #Energy/rank: 64 #nnz/rank: 1918 nid007102
Rank: 85 #Energy/rank: 64 #nnz/rank: 1918 nid006548
Rank: 216 #Energy/rank: 64 #nnz/rank: 1918 nid007360
Rank: 136 #Energy/rank: 64 #nnz/rank: 1918 nid006980
Rank: 120 #Energy/rank: 64 #nnz/rank: 1918 nid006936
Rank: 80 #Energy/rank: 64 #nnz/rank: 1918 nid006548
Rank: 200 #Energy/rank: 64 #nnz/rank: 1918 nid007156
Rank: 186 #Energy/rank: 64 #nnz/rank: 1918 nid007103
Rank: 197 #Energy/rank: 64 #nnz/rank: 1918 nid007155
Rank: 232 #Energy/rank: 64 #nnz/rank: 1918 nid007434
Rank: 64 #Energy/rank: 64 #nnz/rank: 1918 nid006542
Rank: 104 #Energy/rank: 64 #nnz/rank: 1918 nid006594
Rank: 117 #Energy/rank: 64 #nnz/rank: 1918 nid006935
Rank: 189 #Energy/rank: 64 #nnz/rank: 1918 nid007103
Rank: 248 #Energy/rank: 64 #nnz/rank: 1918 nid007647
Rank: 188 #Energy/rank: 64 #nnz/rank: 1918 nid007103
Rank: 176 #Energy/rank: 64 #nnz/rank: 1918 nid007102
Rank: 184 #Energy/rank: 64 #nnz/rank: 1918 nid007103
Symmetrization time: 0.24090338917449117
send rank 1 was: 124 send rank 2 was: 124 new band edge: -2.0750420609773443
Band edge time: 0.5821656489279121
ECmin: -2.0750420609773443
Time for pre-processing OBC: 2.876 s
Time for OBC: 9.589 s
Time for GF transformation: 0.000 s
Time for SE subtraction: 0.000 s
Time for GF: 4.286 s
Time for post-processing: 0.134 s
G2P communication time: 3.0977007260080427
Green's function calculated
Polarization computation time: 0.21700618998147547
P2W communication time: 1.5271567730233073
Polarization calculated
Time for pre-processing OBC: 1.297 s
OBC-W region
    Time for overall spgemm loop: 1.183 s
        Time for copy in: 0.097 s
        Time for spgemm: 0.759 s
        Time for copy out: 0.000 s
        Time for dense: 0.232 s
    Time for obc mm: 1.092 s
    Time for beyn w: 3.318 s
    Time for obc l: 1.855 s
Time for OBC: 7.465 s
Time for spgemm: 0.000 s
Time for W transformation: 0.087 s
Time for W: 3.697 s
Time for post-processing: 0.017 s
W2S communication time: 3.5974055961705744
Finish p2w
Sigma computation time: 0.12218489800579846
S2G communication time: 1.6680681991856545
Sigma memory update time: 0.0003953550476580858
SEPHN computation time: 0.016195700969547033
Observables reduction time: 0.025013918988406658
Finish iteration 0, time: 40.59988069999963
Symmetrization time: 0.02510356204584241
send rank 1 was: 111 send rank 2 was: 111 new band edge: -2.2147638836945513
Band edge time: 0.29296138719655573
ECmin: -2.2147638836945513
Time for pre-processing OBC: 0.151 s
Time for OBC: 3.310 s
Time for GF transformation: 0.000 s
Time for SE subtraction: 0.000 s
Time for GF: 4.130 s
Time for post-processing: 0.014 s
G2P communication time: 1.0474525829777122
Green's function calculated
Polarization computation time: 0.006211478030309081
P2W communication time: 0.8104332271032035
Polarization calculated
Time for pre-processing OBC: 0.210 s
OBC-W region
    Time for overall spgemm loop: 0.913 s
        Time for copy in: 0.020 s
        Time for spgemm: 0.759 s
        Time for copy out: 0.000 s
        Time for dense: 0.098 s
    Time for obc mm: 1.069 s
    Time for beyn w: 3.057 s
    Time for obc l: 1.714 s
Time for OBC: 6.768 s
Time for spgemm: 0.000 s
Time for W transformation: 0.052 s
Time for W: 3.672 s
Time for post-processing: 0.015 s
W2S communication time: 1.3327054069377482
Finish p2w
Sigma computation time: 0.09249044000171125
S2G communication time: 0.7901965640485287
Sigma memory update time: 0.0004133388865739107
SEPHN computation time: 0.015995643800124526
Observables reduction time: 0.014292521867901087
Finish iteration 1, time: 22.807664192980155
Symmetrization time: 0.025056130019947886
send rank 1 was: 107 send rank 2 was: 107 new band edge: -2.4080980313515674
Band edge time: 0.2948150511365384
ECmin: -2.4080980313515674
Time for pre-processing OBC: 0.151 s
Time for OBC: 3.334 s
Time for GF transformation: 0.000 s
Time for SE subtraction: 0.000 s
Time for GF: 4.145 s
Time for post-processing: 0.015 s
G2P communication time: 1.102908263914287
Green's function calculated
Polarization computation time: 0.006275322055444121
P2W communication time: 0.7980041489936411
Polarization calculated
Time for pre-processing OBC: 0.211 s
OBC-W region
    Time for overall spgemm loop: 0.913 s
        Time for copy in: 0.020 s
        Time for spgemm: 0.758 s
        Time for copy out: 0.000 s
        Time for dense: 0.098 s
    Time for obc mm: 1.072 s
    Time for beyn w: 3.062 s
    Time for obc l: 1.732 s
Time for OBC: 6.795 s
Time for spgemm: 0.000 s
Time for W transformation: 0.050 s
Time for W: 3.667 s
Time for post-processing: 0.016 s
W2S communication time: 1.3392289290204644
Finish p2w
Sigma computation time: 0.09265143098309636
S2G communication time: 0.7978646080009639
Sigma memory update time: 0.0003869980573654175
SEPHN computation time: 0.015935076866298914
Observables reduction time: 0.011521124048158526
Finish iteration 2, time: 22.925210531102493
Finish iteration
Time: 86.54 s
